<?xml version="1.0" encoding="UTF-8"?>
<testsuite name="ATM" time="0" tests="" failures="10">
    <properties>
        <property name="Unit Test Problems" value="0"/>
        <property name="Unit Test Outcomes" value="3"/>
        <property name="Runtime Error Detection Violations" value="5"/>
    </properties>
    <testcase classname="/ATM/ATM.cxx" name="TestSuite_ATM_cxx_2c58b92b::test_viewAccount_2"
              time="0">
        <failure type="Uncaught structured exception"
                 message="Access violation exception [CPPTEST_ACCESS_VIOLATION]"/>
        <system-err>Trace Line :14 File :/ATM/ATM.cxxLine :476 File :/ATM/tests/autogenerated/TestSuite_ATM_cxx.cppLine
            :26 File :/ATM/tests/autogenerated/TestSuite_ATM_cxx.cppLine :9 File
            :/ATM/tests/autogenerated/TestSuite_ATM_cxx.cpp
        </system-err>
    </testcase>
    <testcase classname="/ATM/ATM.cxx" name="TestSuite_ATM_cxx_2c58b92b::test_viewAccount_3"
              time="0">
        <failure type="Uncaught structured exception"
                 message="Access violation exception [CPPTEST_ACCESS_VIOLATION]"/>
        <system-err>Trace Line :14 File :/ATM/ATM.cxxLine :501 File :/ATM/tests/autogenerated/TestSuite_ATM_cxx.cppLine
            :27 File :/ATM/tests/autogenerated/TestSuite_ATM_cxx.cppLine :9 File
            :/ATM/tests/autogenerated/TestSuite_ATM_cxx.cpp
        </system-err>
    </testcase>
    <testcase classname="/ATM/ATM.cxx" name="TestSuite_ATM_cxx_2c58b92b::test_viewAccount_4"
              time="0">
        <failure type="Uncaught structured exception"
                 message="Access violation exception [CPPTEST_ACCESS_VIOLATION]"/>
        <system-err>Trace Line :14 File :/ATM/ATM.cxxLine :526 File :/ATM/tests/autogenerated/TestSuite_ATM_cxx.cppLine
            :28 File :/ATM/tests/autogenerated/TestSuite_ATM_cxx.cppLine :9 File
            :/ATM/tests/autogenerated/TestSuite_ATM_cxx.cpp
        </system-err>
    </testcase>
    <testcase classname="/ATM/ATM.cxx" name="TestSuite_ATM_cxx_2c58b92b::test_viewAccount_8"
              time="0">
        <failure type="Uncaught structured exception"
                 message="Access violation exception [CPPTEST_ACCESS_VIOLATION]"/>
        <system-err>Trace Line :14 File :/ATM/ATM.cxxLine :626 File :/ATM/tests/autogenerated/TestSuite_ATM_cxx.cppLine
            :32 File :/ATM/tests/autogenerated/TestSuite_ATM_cxx.cppLine :9 File
            :/ATM/tests/autogenerated/TestSuite_ATM_cxx.cpp
        </system-err>
    </testcase>
    <testcase classname="/ATM/Bank.cxx" name="TestSuite_ATM_cxx_2c58b92b::test_viewAccount_1"
              time="0">
        <failure type="Uncaught structured exception"
                 message="Access violation exception [CPPTEST_ACCESS_VIOLATION]"/>
        <system-err>Trace Line :18 File :/ATM/Bank.cxxLine :12 File :/ATM/ATM.cxxLine :425 File
            :/ATM/tests/autogenerated/TestSuite_ATM_cxx.cppLine :24 File
            :/ATM/tests/autogenerated/TestSuite_ATM_cxx.cppLine :9 File :/ATM/tests/autogenerated/TestSuite_ATM_cxx.cpp
        </system-err>
    </testcase>
    <testcase classname="/ATM/Bank.cxx" name="TestSuite_ATM_cxx_2c58b92b::test_viewAccount_5"
              time="0">
        <failure type="Uncaught structured exception"
                 message="Access violation exception [CPPTEST_ACCESS_VIOLATION]"/>
        <system-err>Trace Line :18 File :/ATM/Bank.cxxLine :12 File :/ATM/ATM.cxxLine :551 File
            :/ATM/tests/autogenerated/TestSuite_ATM_cxx.cppLine :29 File
            :/ATM/tests/autogenerated/TestSuite_ATM_cxx.cppLine :9 File :/ATM/tests/autogenerated/TestSuite_ATM_cxx.cpp
        </system-err>
    </testcase>
    <testcase classname="/ATM/Bank.cxx" name="TestSuite_ATM_cxx_2c58b92b::test_viewAccount_7"
              time="0">
        <failure type="Uncaught structured exception"
                 message="Access violation exception [CPPTEST_ACCESS_VIOLATION]"/>
        <system-err>Trace Line :18 File :/ATM/Bank.cxxLine :12 File :/ATM/ATM.cxxLine :601 File
            :/ATM/tests/autogenerated/TestSuite_ATM_cxx.cppLine :31 File
            :/ATM/tests/autogenerated/TestSuite_ATM_cxx.cppLine :9 File :/ATM/tests/autogenerated/TestSuite_ATM_cxx.cpp
        </system-err>
    </testcase>
    <testcase classname="/ATM/Bank.cxx" name="TestSuite_ATM_cxx_2c58b92b::test_viewAccount_9"
              time="0">
        <failure type="Uncaught structured exception"
                 message="Access violation exception [CPPTEST_ACCESS_VIOLATION]"/>
        <system-err>Trace Line :18 File :/ATM/Bank.cxxLine :12 File :/ATM/ATM.cxxLine :651 File
            :/ATM/tests/autogenerated/TestSuite_ATM_cxx.cppLine :33 File
            :/ATM/tests/autogenerated/TestSuite_ATM_cxx.cppLine :9 File :/ATM/tests/autogenerated/TestSuite_ATM_cxx.cpp
        </system-err>
    </testcase>
    <testcase classname="/ATM/include/Account.hxx"
              name="TestSuite_Account_hxx_65a1b62c::test_setPassword_10"
              time="0">
        <failure type="Uncaught structured exception"
                 message="Access violation exception [CPPTEST_ACCESS_VIOLATION]"/>
        <system-err>Trace Line :37 File :/ATM/include/Account.hxxLine :939 File
            :/ATM/tests/autogenerated/include/TestSuite_Account_hxx.cppLine :53 File
            :/ATM/tests/autogenerated/include/TestSuite_Account_hxx.cppLine :9 File
            :/ATM/tests/autogenerated/include/TestSuite_Account_hxx.cpp
        </system-err>
    </testcase>
    <testcase classname="/ATM/include/Account.hxx"
              name="TestSuite_Account_hxx_65a1b62c::test_setPassword_9"
              time="0">
        <failure type="Uncaught structured exception"
                 message="Access violation exception [CPPTEST_ACCESS_VIOLATION]"/>
        <system-err>Trace Line :37 File :/ATM/include/Account.hxxLine :1097 File
            :/ATM/tests/autogenerated/include/TestSuite_Account_hxx.cppLine :61 File
            :/ATM/tests/autogenerated/include/TestSuite_Account_hxx.cppLine :9 File
            :/ATM/tests/autogenerated/include/TestSuite_Account_hxx.cpp
        </system-err>
    </testcase>


    <testcase name="TestSuite_Account_hxx_65a1b62c::test_setAccountNumber_3"
              classname="ATMJUnitTestSuite"
              time="0"/>
    <testcase name="TestSuite_Account_hxx_65a1b62c::test_getBalance_6"
              classname="ATMJUnitTestSuite"
              time="0"/>
    <testcase name="TestSuite_Account_hxx_65a1b62c::test_setPassword_5"
              classname="ATMJUnitTestSuite"
              time="0"/>
    <testcase name="TestSuite_Account_hxx_65a1b62c::test_getAccountNumber_1"
              classname="ATMJUnitTestSuite"
              time="0"/>
    <testcase name="TestSuite_Account_hxx_65a1b62c::test_setAccountNumber_9"
              classname="ATMJUnitTestSuite"
              time="0"/>
    <testcase name="TestSuite_Account_hxx_65a1b62c::test_getAccountNumber_7"
              classname="ATMJUnitTestSuite"
              time="0"/>
    <testcase name="TestSuite_Account_hxx_65a1b62c::test_getPassword_2"
              classname="ATMJUnitTestSuite"
              time="0"/>
    <testcase name="TestSuite_Account_hxx_65a1b62c::test_setAccountNumber_5"
              classname="ATMJUnitTestSuite"
              time="0"/>
    <testcase name="TestSuite_Account_hxx_65a1b62c::test_Account_4"
              classname="ATMJUnitTestSuite"
              time="0"/>
    <testcase name="TestSuite_Account_hxx_65a1b62c::test_setPassword_2"
              classname="ATMJUnitTestSuite"
              time="0"/>
    <testcase name="TestSuite_Account_hxx_65a1b62c::test_getAccountNumber_5"
              classname="ATMJUnitTestSuite"
              time="0"/>
    <testcase name="TestSuite_Account_hxx_65a1b62c::test_getPassword_3"
              classname="ATMJUnitTestSuite"
              time="0"/>
    <testcase name="TestSuite_Account_hxx_65a1b62c::test_getAccountNumber_8"
              classname="ATMJUnitTestSuite"
              time="0"/>
    <testcase name="TestSuite_Account_hxx_65a1b62c::test_getAccountNumber_2"
              classname="ATMJUnitTestSuite"
              time="0"/>
    <testcase name="TestSuite_Account_hxx_65a1b62c::test_Account_9"
              classname="ATMJUnitTestSuite"
              time="0"/>
    <testcase name="TestSuite_Account_hxx_65a1b62c::test_setPassword_3"
              classname="ATMJUnitTestSuite"
              time="0"/>
    <testcase name="TestSuite_Account_hxx_65a1b62c::test_getBalance_4"
              classname="ATMJUnitTestSuite"
              time="0"/>
    <testcase name="TestSuite_Account_hxx_65a1b62c::test_getPassword_5"
              classname="ATMJUnitTestSuite"
              time="0"/>
    <testcase name="TestSuite_Account_hxx_65a1b62c::test_getBalance_7"
              classname="ATMJUnitTestSuite"
              time="0"/>
    <testcase name="TestSuite_Account_hxx_65a1b62c::test_setPassword_6"
              classname="ATMJUnitTestSuite"
              time="0"/>
    <testcase name="TestSuite_Account_hxx_65a1b62c::test_Account_5"
              classname="ATMJUnitTestSuite"
              time="0"/>
    <testcase name="TestSuite_Account_hxx_65a1b62c::test_setPassword_7"
              classname="ATMJUnitTestSuite"
              time="0"/>
    <testcase name="TestSuite_Account_hxx_65a1b62c::test_Account_3"
              classname="ATMJUnitTestSuite"
              time="0"/>
    <testcase name="TestSuite_Account_hxx_65a1b62c::test_getAccountNumber_4"
              classname="ATMJUnitTestSuite"
              time="0"/>
    <testcase name="TestSuite_Account_hxx_65a1b62c::test_getBalance_3"
              classname="ATMJUnitTestSuite"
              time="0"/>
    <testcase name="TestSuite_Account_hxx_65a1b62c::test_getBalance_8"
              classname="ATMJUnitTestSuite"
              time="0"/>
    <testcase name="TestSuite_Account_hxx_65a1b62c::test_getPassword_1"
              classname="ATMJUnitTestSuite"
              time="0"/>
    <testcase name="TestSuite_Account_hxx_65a1b62c::test_setAccountNumber_6"
              classname="ATMJUnitTestSuite"
              time="0"/>
    <testcase name="TestSuite_Account_hxx_65a1b62c::test_getAccountNumber_6"
              classname="ATMJUnitTestSuite"
              time="0"/>
    <testcase name="TestSuite_Account_hxx_65a1b62c::test_getPassword_7"
              classname="ATMJUnitTestSuite"
              time="0"/>
    <testcase name="TestSuite_Account_hxx_65a1b62c::test_setPassword_8"
              classname="ATMJUnitTestSuite"
              time="0"/>
    <testcase name="TestSuite_Account_hxx_65a1b62c::test_getBalance_1"
              classname="ATMJUnitTestSuite"
              time="0"/>
    <testcase name="TestSuite_Account_hxx_65a1b62c::test_setAccountNumber_8"
              classname="ATMJUnitTestSuite"
              time="0"/>
    <testcase name="TestSuite_Account_hxx_65a1b62c::test_Account_7"
              classname="ATMJUnitTestSuite"
              time="0"/>
    <testcase name="TestSuite_Account_hxx_65a1b62c::test_setAccountNumber_2"
              classname="ATMJUnitTestSuite"
              time="0"/>
    <testcase name="TestSuite_Account_hxx_65a1b62c::test_setPassword_1"
              classname="ATMJUnitTestSuite"
              time="0"/>
    <testcase name="TestSuite_Account_hxx_65a1b62c::test_setPassword_4"
              classname="ATMJUnitTestSuite"
              time="0"/>
    <testcase name="TestSuite_Account_hxx_65a1b62c::test_Account_1"
              classname="ATMJUnitTestSuite"
              time="0"/>
    <testcase name="TestSuite_Account_hxx_65a1b62c::test_getPassword_8"
              classname="ATMJUnitTestSuite"
              time="0"/>
    <testcase name="TestSuite_Account_hxx_65a1b62c::test_setAccountNumber_4"
              classname="ATMJUnitTestSuite"
              time="0"/>
    <testcase name="TestSuite_Account_hxx_65a1b62c::test_setAccountNumber_7"
              classname="ATMJUnitTestSuite"
              time="0"/>
    <testcase name="TestSuite_Account_hxx_65a1b62c::test_Account_6"
              classname="ATMJUnitTestSuite"
              time="0"/>
    <testcase name="TestSuite_Account_hxx_65a1b62c::test_setAccountNumber_1"
              classname="ATMJUnitTestSuite"
              time="0"/>
    <testcase name="TestSuite_Account_hxx_65a1b62c::test_getBalance_2"
              classname="ATMJUnitTestSuite"
              time="0"/>
    <testcase name="TestSuite_Account_hxx_65a1b62c::test_getPassword_4"
              classname="ATMJUnitTestSuite"
              time="0"/>
    <testcase name="TestSuite_Account_hxx_65a1b62c::test_Account_8"
              classname="ATMJUnitTestSuite"
              time="0"/>
    <testcase name="TestSuite_Account_hxx_65a1b62c::test_getAccountNumber_3"
              classname="ATMJUnitTestSuite"
              time="0"/>
    <testcase name="TestSuite_Account_hxx_65a1b62c::test_getBalance_5"
              classname="ATMJUnitTestSuite"
              time="0"/>
    <testcase name="TestSuite_Account_hxx_65a1b62c::test_setAccountNumber_10"
              classname="ATMJUnitTestSuite"
              time="0"/>
    <testcase name="TestSuite_Account_hxx_65a1b62c::test_getPassword_6"
              classname="ATMJUnitTestSuite"
              time="0"/>
    <testcase name="TestSuite_BaseDisplay_hxx_e7444e97::test_x7eBaseDisplay_1"
              classname="ATMJUnitTestSuite"
              time="0"/>
    <testcase name="TestSuite_BaseDisplay_hxx_e7444e97::test_BaseDisplay_1"
              classname="ATMJUnitTestSuite"
              time="0"/>
    <testcase name="TestSuite_Account_cxx_1ec0549d::test_debit_1"
              classname="ATMJUnitTestSuite"
              time="0"/>
    <testcase name="TestSuite_Account_cxx_1ec0549d::test_debit_5"
              classname="ATMJUnitTestSuite"
              time="0"/>
    <testcase name="TestSuite_Account_cxx_1ec0549d::test_deposit_7"
              classname="ATMJUnitTestSuite"
              time="0"/>
    <testcase name="TestSuite_Account_cxx_1ec0549d::test_debit_2"
              classname="ATMJUnitTestSuite"
              time="0"/>
    <testcase name="TestSuite_Account_cxx_1ec0549d::test_deposit_2"
              classname="ATMJUnitTestSuite"
              time="0"/>
    <testcase name="TestSuite_Account_cxx_1ec0549d::test_deposit_10"
              classname="ATMJUnitTestSuite"
              time="0"/>
    <testcase name="TestSuite_Account_cxx_1ec0549d::test_deposit_3"
              classname="ATMJUnitTestSuite"
              time="0"/>
    <testcase name="TestSuite_Account_cxx_1ec0549d::test_deposit_9"
              classname="ATMJUnitTestSuite"
              time="0"/>
    <testcase name="TestSuite_Account_cxx_1ec0549d::test_debit_7"
              classname="ATMJUnitTestSuite"
              time="0"/>
    <testcase name="TestSuite_Account_cxx_1ec0549d::test_deposit_6"
              classname="ATMJUnitTestSuite"
              time="0"/>
    <testcase name="TestSuite_Account_cxx_1ec0549d::test_debit_3"
              classname="ATMJUnitTestSuite"
              time="0"/>
    <testcase name="TestSuite_Account_cxx_1ec0549d::test_deposit_1"
              classname="ATMJUnitTestSuite"
              time="0"/>
    <testcase name="TestSuite_Account_cxx_1ec0549d::test_debit_10"
              classname="ATMJUnitTestSuite"
              time="0"/>
    <testcase name="TestSuite_Account_cxx_1ec0549d::test_debit_4"
              classname="ATMJUnitTestSuite"
              time="0"/>
    <testcase name="TestSuite_Account_cxx_1ec0549d::test_deposit_5"
              classname="ATMJUnitTestSuite"
              time="0"/>
    <testcase name="TestSuite_Account_cxx_1ec0549d::test_debit_9"
              classname="ATMJUnitTestSuite"
              time="0"/>
    <testcase name="TestSuite_Account_cxx_1ec0549d::test_debit_6"
              classname="ATMJUnitTestSuite"
              time="0"/>
    <testcase name="TestSuite_Account_cxx_1ec0549d::test_debit_8"
              classname="ATMJUnitTestSuite"
              time="0"/>
    <testcase name="TestSuite_Account_cxx_1ec0549d::test_deposit_8"
              classname="ATMJUnitTestSuite"
              time="0"/>
    <testcase name="TestSuite_Account_cxx_1ec0549d::test_deposit_4"
              classname="ATMJUnitTestSuite"
              time="0"/>
    <testcase name="TestSuite_ATM_cxx_2c58b92b::test_fillUserRequest_4"
              classname="ATMJUnitTestSuite"
              time="0"/>
    <testcase name="TestSuite_ATM_cxx_2c58b92b::test_fillUserRequest_7"
              classname="ATMJUnitTestSuite"
              time="0"/>
    <testcase name="TestSuite_ATM_cxx_2c58b92b::test_fillUserRequest_8"
              classname="ATMJUnitTestSuite"
              time="0"/>
    <testcase name="TestSuite_ATM_cxx_2c58b92b::test_ATM_4" classname="ATMJUnitTestSuite"
              time="0"/>
    <testcase name="TestSuite_ATM_cxx_2c58b92b::test_ATM_2" classname="ATMJUnitTestSuite"
              time="0"/>
    <testcase name="TestSuite_ATM_cxx_2c58b92b::test_fillUserRequest_5"
              classname="ATMJUnitTestSuite"
              time="0"/>
    <testcase name="TestSuite_ATM_cxx_2c58b92b::test_fillUserRequest_2"
              classname="ATMJUnitTestSuite"
              time="0"/>
    <testcase name="TestSuite_ATM_cxx_2c58b92b::test_viewAccount_6"
              classname="ATMJUnitTestSuite"
              time="0"/>
    <testcase name="TestSuite_ATM_cxx_2c58b92b::test_fillUserRequest_3"
              classname="ATMJUnitTestSuite"
              time="0"/>
    <testcase name="TestSuite_ATM_cxx_2c58b92b::test_fillUserRequest_9"
              classname="ATMJUnitTestSuite"
              time="0"/>
    <testcase name="TestSuite_ATM_cxx_2c58b92b::test_ATM_1" classname="ATMJUnitTestSuite"
              time="0"/>
    <testcase name="TestSuite_ATM_cxx_2c58b92b::test_ATM_3" classname="ATMJUnitTestSuite"
              time="0"/>
    <testcase name="TestSuite_ATM_cxx_2c58b92b::test_fillUserRequest_10"
              classname="ATMJUnitTestSuite"
              time="0"/>
    <testcase name="TestSuite_ATM_cxx_2c58b92b::test_fillUserRequest_1"
              classname="ATMJUnitTestSuite"
              time="0"/>
    <testcase name="TestSuite_ATM_cxx_2c58b92b::test_viewAccount_10"
              classname="ATMJUnitTestSuite"
              time="0"/>
    <testcase name="TestSuite_ATM_cxx_2c58b92b::test_fillUserRequest_6"
              classname="ATMJUnitTestSuite"
              time="0"/>
    <testcase name="TestSuite_Bank_cxx_9ae1ea36::test_getAccount_9"
              classname="ATMJUnitTestSuite"
              time="0"/>
    <testcase name="TestSuite_Bank_cxx_9ae1ea36::test_x7eBank_1"
              classname="ATMJUnitTestSuite"
              time="0"/>
    <testcase name="TestSuite_Bank_cxx_9ae1ea36::test_addAccount_1"
              classname="ATMJUnitTestSuite"
              time="0"/>
    <testcase name="TestSuite_Bank_cxx_9ae1ea36::test_Bank_1" classname="ATMJUnitTestSuite"
              time="0"/>
    <testcase name="TestSuite_Bank_cxx_9ae1ea36::test_getAccount_2"
              classname="ATMJUnitTestSuite"
              time="0"/>
    <testcase name="TestSuite_Bank_cxx_9ae1ea36::test_getAccount_10"
              classname="ATMJUnitTestSuite"
              time="0"/>
    <testcase name="TestSuite_Bank_cxx_9ae1ea36::test_getAccount_6"
              classname="ATMJUnitTestSuite"
              time="0"/>
    <testcase name="TestSuite_Bank_cxx_9ae1ea36::test_getAccount_4"
              classname="ATMJUnitTestSuite"
              time="0"/>
    <testcase name="TestSuite_Bank_cxx_9ae1ea36::test_getAccount_7"
              classname="ATMJUnitTestSuite"
              time="0"/>
    <testcase name="TestSuite_Bank_cxx_9ae1ea36::test_getAccount_8"
              classname="ATMJUnitTestSuite"
              time="0"/>
    <testcase name="TestSuite_Bank_cxx_9ae1ea36::test_getAccount_1"
              classname="ATMJUnitTestSuite"
              time="0"/>
    <testcase name="TestSuite_Bank_cxx_9ae1ea36::test_getAccount_3"
              classname="ATMJUnitTestSuite"
              time="0"/>
    <testcase name="TestSuite_Bank_cxx_9ae1ea36::test_getAccount_5"
              classname="ATMJUnitTestSuite"
              time="0"/>
    <testcase name="TestSuite_BaseDisplay_cxx_90b94c01::test_showBalance_2"
              classname="ATMJUnitTestSuite"
              time="0"/>
    <testcase name="TestSuite_BaseDisplay_cxx_90b94c01::test_showBalance_5"
              classname="ATMJUnitTestSuite"
              time="0"/>
    <testcase name="TestSuite_BaseDisplay_cxx_90b94c01::test_showInfoToUser_2"
              classname="ATMJUnitTestSuite"
              time="0"/>
    <testcase name="TestSuite_BaseDisplay_cxx_90b94c01::test_showBalance_7"
              classname="ATMJUnitTestSuite"
              time="0"/>
    <testcase name="TestSuite_BaseDisplay_cxx_90b94c01::test_showBalance_3"
              classname="ATMJUnitTestSuite"
              time="0"/>
    <testcase name="TestSuite_BaseDisplay_cxx_90b94c01::test_showBalance_1"
              classname="ATMJUnitTestSuite"
              time="0"/>
    <testcase name="TestSuite_BaseDisplay_cxx_90b94c01::test_showInfoToUser_3"
              classname="ATMJUnitTestSuite"
              time="0"/>
    <testcase name="TestSuite_BaseDisplay_cxx_90b94c01::test_showBalance_4"
              classname="ATMJUnitTestSuite"
              time="0"/>
    <testcase name="TestSuite_BaseDisplay_cxx_90b94c01::test_showInfoToUser_1"
              classname="ATMJUnitTestSuite"
              time="0"/>
    <testcase name="TestSuite_BaseDisplay_cxx_90b94c01::test_showInfoToUser_4"
              classname="ATMJUnitTestSuite"
              time="0"/>
    <testcase name="TestSuite_BaseDisplay_cxx_90b94c01::test_showBalance_6"
              classname="ATMJUnitTestSuite"
              time="0"/>
</testsuite>
