<?xml version="1.0" encoding="utf-8"?>
<testsuites>
    <testsuite name="" tests="8" time="0.823" failures="7" errors="1" skipped="0"/>
    <testsuite name="TRealTestOptionModem" tests="6" time="0.814" failures="6" errors="0" skipped="0">
        <testcase classname="TRealTestOptionModem" name="TestConnect" time="0.121">
            <failure message="TRealTestOptionModem.TestConnect: No Option modem found" type="EAssertionFailedError">
                [SETUP] No Option modem found
            </failure>
        </testcase>
        <testcase classname="TRealTestOptionModem" name="TestCommunication" time="0.137">
            <failure message="TRealTestOptionModem.TestCommunication: No Option modem found"
                     type="EAssertionFailedError">[SETUP] No Option modem found
            </failure>
        </testcase>
        <testcase classname="TRealTestOptionModem" name="TestSelectOperatorMccMnc" time="0.139">
            <failure message="TRealTestOptionModem.TestSelectOperatorMccMnc: No Option modem found"
                     type="EAssertionFailedError">[SETUP] No Option modem found
            </failure>
        </testcase>
        <testcase classname="TRealTestOptionModem" name="TestReadModemInformation" time="0.142">
            <failure message="TRealTestOptionModem.TestReadModemInformation: No Option modem found"
                     type="EAssertionFailedError">[SETUP] No Option modem found
            </failure>
        </testcase>
        <testcase classname="TRealTestOptionModem" name="TestAutoRegister" time="0.140">
            <failure message="TRealTestOptionModem.TestAutoRegister: No Option modem found"
                     type="EAssertionFailedError">[SETUP] No Option modem found
            </failure>
        </testcase>
        <testcase classname="TRealTestOptionModem" name="TestSignalQualityDbm" time="0.135">
            <failure message="TRealTestOptionModem.TestSignalQualityDbm: No Option modem found"
                     type="EAssertionFailedError">[SETUP] No Option modem found
            </failure>
        </testcase>
    </testsuite>
    <testsuite name="TRealTestModemFactory" tests="2" time="0.009" failures="1" errors="1" skipped="0">
        <testcase classname="TRealTestModemFactory" name="TestGetAllModems" time="0.000">
            <failure
                    message="TRealTestModemFactory.TestGetAllModems: this is a message expected: &lt;1&gt; but was: &lt;2&gt;"
                    type="EAssertionFailedError">this is a message expected: &lt;1&gt; but was: &lt;2&gt;</failure>
        </testcase>
        <testcase classname="TRealTestModemFactory" name="TextException" time="0.009">
            <failure message="TRealTestModemFactory.TextException: this is a message" type="Exception">
                realtestmodemfactory.pas (line 51):[TREALTESTMODEMFACTORY__TEXTEXCEPTION]:this is a message
            </failure>
        </testcase>
    </testsuite>
</testsuites>