<?xml version="1.0" encoding="UTF-8"?>
<testsuite tests="2" errors="1" failures="1" name="Master Test Suite">
    <testsuite tests="2" errors="1" failures="1" name="Master Test Suite\test_suite" skipped="0">
        <testcase classname="Master Test Suite.test_suite" name="test_1" time="0.016">
            <error>
				<![CDATA[
[Exception] - un test failed
 == [File] - test.cpp
 == [Line] -10
]]>
            </error>
            <system-out>
				<![CDATA[
[Info] - check i == j passed
 == [File] - test.cpp
 == [Line] - 9
]]>
            </system-out>
        </testcase>
        <testcase classname="Master Test Suite.test_suite" name="test_2" time="0.000">
            <failure>
				<![CDATA[
[Error] - check i == j failed [1 != 2]
 == [File] - test.cpp
 == [Line] - 21
]]>
            </failure>
            <system-out>
				<![CDATA[
[Info] - check i == k passed
 == [File] - test.cpp
 == [Line] - 19
]]>
            </system-out>
        </testcase>
    </testsuite>
</testsuite>