<?xml version="1.0" encoding="UTF-8"?>
<testsuite tests="5" errors="2" failures="0" name="Master Test Suite">
    <testsuite tests="5" errors="0" failures="0" name="Master Test Suite\TestDataSelectionServices" skipped="0">
        <testcase classname="Master Test Suite.TestDataSelectionServices" name="TestAnd" time="0.000">
            <system-out>
				<![CDATA[
[Info] - 
                    check CheckResult(vTracks, Dsls::eOutStAllSamples, Dsls::eOutStAllSamples, true,
                    Dsls::eOutStAllSamples) passed
                
 == [File] - d:/develop/test/testvts/testdataselectionservices/nctstdslsadmexprresult.cpp
 == [Line] - 133

[Info] - 
                    check CheckResult(vTracks, Dsls::eOutStAllSamples, Dsls::eOutStNestingCriteria, true,
                    Dsls::eOutStNestingCriteria) passed
                
 == [File] - d:/develop/test/testvts/testdataselectionservices/nctstdslsadmexprresult.cpp
 == [Line] - 134

[Info] - 
                    check CheckResult(vTracks, Dsls::eOutStAllSamples, Dsls::eOutStNoSamples, true,
                    Dsls::eOutStNoSamples) passed
                
 == [File] - d:/develop/test/testvts/testdataselectionservices/nctstdslsadmexprresult.cpp
 == [Line] - 135

[Info] - 
                    check CheckResult(vTracks, Dsls::eOutStNestingCriteria, Dsls::eOutStAllSamples, true,
                    Dsls::eOutStNestingCriteria) passed
                
 == [File] - d:/develop/test/testvts/testdataselectionservices/nctstdslsadmexprresult.cpp
 == [Line] - 137

[Info] - 
                    check CheckResult(vTracks, Dsls::eOutStNestingCriteria, Dsls::eOutStNestingCriteria, true,
                    Dsls::eOutStNestingCriteria) passed
                
 == [File] - d:/develop/test/testvts/testdataselectionservices/nctstdslsadmexprresult.cpp
 == [Line] - 138

[Info] - 
                    check CheckResult(vTracks, Dsls::eOutStNestingCriteria, Dsls::eOutStNoSamples, true,
                    Dsls::eOutStNoSamples) passed
                
 == [File] - d:/develop/test/testvts/testdataselectionservices/nctstdslsadmexprresult.cpp
 == [Line] - 139

[Info] - 
                    check CheckResult(vTracks, Dsls::eOutStNoSamples, Dsls::eOutStAllSamples, true,
                    Dsls::eOutStNoSamples) passed
                
 == [File] - d:/develop/test/testvts/testdataselectionservices/nctstdslsadmexprresult.cpp
 == [Line] - 141

[Info] - 
                    check CheckResult(vTracks, Dsls::eOutStNoSamples, Dsls::eOutStNestingCriteria, true,
                    Dsls::eOutStNoSamples) passed
                
 == [File] - d:/develop/test/testvts/testdataselectionservices/nctstdslsadmexprresult.cpp
 == [Line] - 142

[Info] - 
                    check CheckResult(vTracks, Dsls::eOutStNoSamples, Dsls::eOutStNoSamples, true,
                    Dsls::eOutStNoSamples) passed
                
 == [File] - d:/develop/test/testvts/testdataselectionservices/nctstdslsadmexprresult.cpp
 == [Line] - 143
]]>
            </system-out>
        </testcase>
        <testcase classname="Master Test Suite.TestDataSelectionServices.NCTstDslsAdmExprResult" name="TestAnd" time="0.000">
            <system-out>
				<![CDATA[
[Info] - check CheckResult(vTracks, Dsls::eOutStAllSamples, Dsls::eOutStAllSamples, true,
                        Dsls::eOutStAllSamples) passed
                    
 == [File] - d:/develop/test/testvts/testdataselectionservices/nctstdslsadmexprresult.cpp
 == [Line] - 133

[Info] - check CheckResult(vTracks, Dsls::eOutStAllSamples, Dsls::eOutStNestingCriteria,
                        true, Dsls::eOutStNestingCriteria) passed
                    
 == [File] - d:/develop/test/testvts/testdataselectionservices/nctstdslsadmexprresult.cpp
 == [Line] - 134

[Info] - check CheckResult(vTracks, Dsls::eOutStAllSamples, Dsls::eOutStNoSamples, true,
                        Dsls::eOutStNoSamples) passed
                    
 == [File] - d:/develop/test/testvts/testdataselectionservices/nctstdslsadmexprresult.cpp
 == [Line] - 135

[Info] - check CheckResult(vTracks, Dsls::eOutStNestingCriteria, Dsls::eOutStAllSamples,
                        true, Dsls::eOutStNestingCriteria) passed
                    
 == [File] - d:/develop/test/testvts/testdataselectionservices/nctstdslsadmexprresult.cpp
 == [Line] - 137

[Info] - check CheckResult(vTracks, Dsls::eOutStNestingCriteria,
                        Dsls::eOutStNestingCriteria, true, Dsls::eOutStNestingCriteria) passed
                    
 == [File] - d:/develop/test/testvts/testdataselectionservices/nctstdslsadmexprresult.cpp
 == [Line] - 138

[Info] - check CheckResult(vTracks, Dsls::eOutStNestingCriteria, Dsls::eOutStNoSamples,
                        true, Dsls::eOutStNoSamples) passed
                    
 == [File] - d:/develop/test/testvts/testdataselectionservices/nctstdslsadmexprresult.cpp
 == [Line] - 139

[Info] - check CheckResult(vTracks, Dsls::eOutStNoSamples, Dsls::eOutStAllSamples, true,
                        Dsls::eOutStNoSamples) passed
                    
 == [File] - d:/develop/test/testvts/testdataselectionservices/nctstdslsadmexprresult.cpp
 == [Line] - 141

[Info] - check CheckResult(vTracks, Dsls::eOutStNoSamples, Dsls::eOutStNestingCriteria,
                        true, Dsls::eOutStNoSamples) passed
                    
 == [File] - d:/develop/test/testvts/testdataselectionservices/nctstdslsadmexprresult.cpp
 == [Line] - 142

[Info] - check CheckResult(vTracks, Dsls::eOutStNoSamples, Dsls::eOutStNoSamples, true,
                        Dsls::eOutStNoSamples) passed
                    
 == [File] - d:/develop/test/testvts/testdataselectionservices/nctstdslsadmexprresult.cpp
 == [Line] - 143
]]>
            </system-out>
        </testcase>
        <testcase classname="Master Test Suite.TestDataSelectionServices.NCTstDslsAdmExprResult" name="TestAndNonOverlap" time="0.000">
            <system-out>
				<![CDATA[
[Info] - check CheckResultSymmetric(vTracks1, Dsls::eOutStAllSamples, vTracks2,
                        Dsls::eOutStAllSamples, true, Dsls::eOutStAllSamples, Dsls::eOutStNoSamples,
                        Dsls::eOutStNoSamples) passed
                    
 == [File] - d:/develop/test/testvts/testdataselectionservices/nctstdslsadmexprresult.cpp
 == [Line] - 156

[Info] - check CheckResultSymmetric(vTracks1, Dsls::eOutStAllSamples, vTracks2,
                        Dsls::eOutStNestingCriteria, true, Dsls::eOutStNestingCriteria, Dsls::eOutStNoSamples,
                        Dsls::eOutStNoSamples) passed
                    
 == [File] - d:/develop/test/testvts/testdataselectionservices/nctstdslsadmexprresult.cpp
 == [Line] - 157

[Info] - check CheckResultSymmetric(vTracks1, Dsls::eOutStAllSamples, vTracks2,
                        Dsls::eOutStNoSamples, true, Dsls::eOutStNoSamples, Dsls::eOutStNoSamples,
                        Dsls::eOutStNoSamples) passed
                    
 == [File] - d:/develop/test/testvts/testdataselectionservices/nctstdslsadmexprresult.cpp
 == [Line] - 158

[Info] - check CheckResultSymmetric(vTracks1, Dsls::eOutStNestingCriteria, vTracks2,
                        Dsls::eOutStAllSamples, true, Dsls::eOutStNestingCriteria, Dsls::eOutStNoSamples,
                        Dsls::eOutStNoSamples) passed
                    
 == [File] - d:/develop/test/testvts/testdataselectionservices/nctstdslsadmexprresult.cpp
 == [Line] - 160

[Info] - check CheckResultSymmetric(vTracks1, Dsls::eOutStNestingCriteria, vTracks2,
                        Dsls::eOutStNestingCriteria, true, Dsls::eOutStNestingCriteria, Dsls::eOutStNoSamples,
                        Dsls::eOutStNoSamples) passed
                    
 == [File] - d:/develop/test/testvts/testdataselectionservices/nctstdslsadmexprresult.cpp
 == [Line] - 161

[Info] - check CheckResultSymmetric(vTracks1, Dsls::eOutStNestingCriteria, vTracks2,
                        Dsls::eOutStNoSamples, true, Dsls::eOutStNoSamples, Dsls::eOutStNoSamples,
                        Dsls::eOutStNoSamples) passed
                    
 == [File] - d:/develop/test/testvts/testdataselectionservices/nctstdslsadmexprresult.cpp
 == [Line] - 162

[Info] - check CheckResultSymmetric(vTracks1, Dsls::eOutStNoSamples, vTracks2,
                        Dsls::eOutStAllSamples, true, Dsls::eOutStNoSamples, Dsls::eOutStNoSamples,
                        Dsls::eOutStNoSamples) passed
                    
 == [File] - d:/develop/test/testvts/testdataselectionservices/nctstdslsadmexprresult.cpp
 == [Line] - 164

[Info] - check CheckResultSymmetric(vTracks1, Dsls::eOutStNoSamples, vTracks2,
                        Dsls::eOutStNestingCriteria, true, Dsls::eOutStNoSamples, Dsls::eOutStNoSamples,
                        Dsls::eOutStNoSamples) passed
                    
 == [File] - d:/develop/test/testvts/testdataselectionservices/nctstdslsadmexprresult.cpp
 == [Line] - 165

[Info] - check CheckResultSymmetric(vTracks1, Dsls::eOutStNoSamples, vTracks2,
                        Dsls::eOutStNoSamples, true, Dsls::eOutStNoSamples, Dsls::eOutStNoSamples,
                        Dsls::eOutStNoSamples) passed
                    
 == [File] - d:/develop/test/testvts/testdataselectionservices/nctstdslsadmexprresult.cpp
 == [Line] - 166
]]>
            </system-out>
        </testcase>
        <testcase classname="Master Test Suite.TestDataSelectionServices.NCTstDslsAdmExprResult" name="TestOr" time="0.000">
            <error>
				<![CDATA[
[Exception] - un test failed
 == [File] - test.cpp
 == [Line] -16
]]>
            </error>
            <system-out>
				<![CDATA[
[Info] - check CheckResult(vTracks, Dsls::eOutStAllSamples, Dsls::eOutStAllSamples, false,
                        Dsls::eOutStAllSamples) passed
                    
 == [File] - d:/develop/test/testvts/testdataselectionservices/nctstdslsadmexprresult.cpp
 == [Line] - 178

[Info] - check CheckResult(vTracks, Dsls::eOutStAllSamples, Dsls::eOutStNestingCriteria,
                        false, Dsls::eOutStAllSamples) passed
                    
 == [File] - d:/develop/test/testvts/testdataselectionservices/nctstdslsadmexprresult.cpp
 == [Line] - 179

[Info] - check CheckResult(vTracks, Dsls::eOutStAllSamples, Dsls::eOutStNoSamples, false,
                        Dsls::eOutStAllSamples) passed
                    
 == [File] - d:/develop/test/testvts/testdataselectionservices/nctstdslsadmexprresult.cpp
 == [Line] - 180

[Info] - check CheckResult(vTracks, Dsls::eOutStNestingCriteria, Dsls::eOutStAllSamples,
                        false, Dsls::eOutStAllSamples) passed
                    
 == [File] - d:/develop/test/testvts/testdataselectionservices/nctstdslsadmexprresult.cpp
 == [Line] - 182

[Info] - check CheckResult(vTracks, Dsls::eOutStNestingCriteria,
                        Dsls::eOutStNestingCriteria, false, Dsls::eOutStNestingCriteria) passed
                    
 == [File] - d:/develop/test/testvts/testdataselectionservices/nctstdslsadmexprresult.cpp
 == [Line] - 183

[Info] - check CheckResult(vTracks, Dsls::eOutStNestingCriteria, Dsls::eOutStNoSamples,
                        false, Dsls::eOutStNestingCriteria) passed
                    
 == [File] - d:/develop/test/testvts/testdataselectionservices/nctstdslsadmexprresult.cpp
 == [Line] - 184

[Info] - check CheckResult(vTracks, Dsls::eOutStNoSamples, Dsls::eOutStAllSamples, false,
                        Dsls::eOutStAllSamples) passed
                    
 == [File] - d:/develop/test/testvts/testdataselectionservices/nctstdslsadmexprresult.cpp
 == [Line] - 186

[Info] - check CheckResult(vTracks, Dsls::eOutStNoSamples, Dsls::eOutStNestingCriteria,
                        false, Dsls::eOutStNestingCriteria) passed
                    
 == [File] - d:/develop/test/testvts/testdataselectionservices/nctstdslsadmexprresult.cpp
 == [Line] - 187

[Info] - check CheckResult(vTracks, Dsls::eOutStNoSamples, Dsls::eOutStNoSamples, false,
                        Dsls::eOutStNoSamples) passed
                    
 == [File] - d:/develop/test/testvts/testdataselectionservices/nctstdslsadmexprresult.cpp
 == [Line] - 188
]]>
            </system-out>
        </testcase>
        <testcase classname="Master Test Suite.TestDataSelectionServices.NCTstDslsAdmExprResult" name="TestOrNonOverlap" time="0.000">
            <error>
				<![CDATA[
[Exception] - un test failed
 == [File] - test.cpp
 == [Line] -16
]]>
            </error>
            <system-out>
				<![CDATA[
[Info] - check CheckResultSymmetric(vTracks1, Dsls::eOutStAllSamples, vTracks2,
                        Dsls::eOutStAllSamples, false, Dsls::eOutStAllSamples, Dsls::eOutStAllSamples,
                        Dsls::eOutStAllSamples) passed
                    
 == [File] - d:/develop/test/testvts/testdataselectionservices/nctstdslsadmexprresult.cpp
 == [Line] - 201

[Info] - check CheckResultSymmetric(vTracks1, Dsls::eOutStAllSamples, vTracks2,
                        Dsls::eOutStNestingCriteria, false, Dsls::eOutStAllSamples, Dsls::eOutStAllSamples,
                        Dsls::eOutStNestingCriteria) passed
                    
 == [File] - d:/develop/test/testvts/testdataselectionservices/nctstdslsadmexprresult.cpp
 == [Line] - 202

[Info] - check CheckResultSymmetric(vTracks1, Dsls::eOutStAllSamples, vTracks2,
                        Dsls::eOutStNoSamples, false, Dsls::eOutStAllSamples, Dsls::eOutStAllSamples,
                        Dsls::eOutStNoSamples) passed
                    
 == [File] - d:/develop/test/testvts/testdataselectionservices/nctstdslsadmexprresult.cpp
 == [Line] - 203

[Info] - check CheckResultSymmetric(vTracks1, Dsls::eOutStNestingCriteria, vTracks2,
                        Dsls::eOutStAllSamples, false, Dsls::eOutStAllSamples, Dsls::eOutStNestingCriteria,
                        Dsls::eOutStAllSamples) passed
                    
 == [File] - d:/develop/test/testvts/testdataselectionservices/nctstdslsadmexprresult.cpp
 == [Line] - 205

[Info] - check CheckResultSymmetric(vTracks1, Dsls::eOutStNestingCriteria, vTracks2,
                        Dsls::eOutStNestingCriteria, false, Dsls::eOutStNestingCriteria, Dsls::eOutStNestingCriteria,
                        Dsls::eOutStNestingCriteria) passed
                    
 == [File] - d:/develop/test/testvts/testdataselectionservices/nctstdslsadmexprresult.cpp
 == [Line] - 206

[Info] - check CheckResultSymmetric(vTracks1, Dsls::eOutStNestingCriteria, vTracks2,
                        Dsls::eOutStNoSamples, false, Dsls::eOutStNestingCriteria, Dsls::eOutStNestingCriteria,
                        Dsls::eOutStNoSamples) passed
                    
 == [File] - d:/develop/test/testvts/testdataselectionservices/nctstdslsadmexprresult.cpp
 == [Line] - 207

[Info] - check CheckResultSymmetric(vTracks1, Dsls::eOutStNoSamples, vTracks2,
                        Dsls::eOutStAllSamples, false, Dsls::eOutStAllSamples, Dsls::eOutStNoSamples,
                        Dsls::eOutStAllSamples) passed
                    
 == [File] - d:/develop/test/testvts/testdataselectionservices/nctstdslsadmexprresult.cpp
 == [Line] - 209

[Info] - check CheckResultSymmetric(vTracks1, Dsls::eOutStNoSamples, vTracks2,
                        Dsls::eOutStNestingCriteria, false, Dsls::eOutStNestingCriteria, Dsls::eOutStNoSamples,
                        Dsls::eOutStNestingCriteria) passed
                    
 == [File] - d:/develop/test/testvts/testdataselectionservices/nctstdslsadmexprresult.cpp
 == [Line] - 210

[Info] - check CheckResultSymmetric(vTracks1, Dsls::eOutStNoSamples, vTracks2,
                        Dsls::eOutStNoSamples, false, Dsls::eOutStNoSamples, Dsls::eOutStNoSamples,
                        Dsls::eOutStNoSamples) passed
                    
 == [File] - d:/develop/test/testvts/testdataselectionservices/nctstdslsadmexprresult.cpp
 == [Line] - 211
]]>
            </system-out>
        </testcase>
    </testsuite>
    <testsuite tests="4" errors="2" failures="0" name="Master Test Suite\TestDataSelectionServices\NCTstDslsAdmExprResult" skipped="0">
        <testcase classname="Master Test Suite.TestDataSelectionServices.NCTstDslsAdmExprResult" name="TestAnd" time="0.000">
            <system-out>
				<![CDATA[
[Info] - check CheckResult(vTracks, Dsls::eOutStAllSamples, Dsls::eOutStAllSamples, true,
                        Dsls::eOutStAllSamples) passed
                    
 == [File] - d:/develop/test/testvts/testdataselectionservices/nctstdslsadmexprresult.cpp
 == [Line] - 133

[Info] - check CheckResult(vTracks, Dsls::eOutStAllSamples, Dsls::eOutStNestingCriteria,
                        true, Dsls::eOutStNestingCriteria) passed
                    
 == [File] - d:/develop/test/testvts/testdataselectionservices/nctstdslsadmexprresult.cpp
 == [Line] - 134

[Info] - check CheckResult(vTracks, Dsls::eOutStAllSamples, Dsls::eOutStNoSamples, true,
                        Dsls::eOutStNoSamples) passed
                    
 == [File] - d:/develop/test/testvts/testdataselectionservices/nctstdslsadmexprresult.cpp
 == [Line] - 135

[Info] - check CheckResult(vTracks, Dsls::eOutStNestingCriteria, Dsls::eOutStAllSamples,
                        true, Dsls::eOutStNestingCriteria) passed
                    
 == [File] - d:/develop/test/testvts/testdataselectionservices/nctstdslsadmexprresult.cpp
 == [Line] - 137

[Info] - check CheckResult(vTracks, Dsls::eOutStNestingCriteria,
                        Dsls::eOutStNestingCriteria, true, Dsls::eOutStNestingCriteria) passed
                    
 == [File] - d:/develop/test/testvts/testdataselectionservices/nctstdslsadmexprresult.cpp
 == [Line] - 138

[Info] - check CheckResult(vTracks, Dsls::eOutStNestingCriteria, Dsls::eOutStNoSamples,
                        true, Dsls::eOutStNoSamples) passed
                    
 == [File] - d:/develop/test/testvts/testdataselectionservices/nctstdslsadmexprresult.cpp
 == [Line] - 139

[Info] - check CheckResult(vTracks, Dsls::eOutStNoSamples, Dsls::eOutStAllSamples, true,
                        Dsls::eOutStNoSamples) passed
                    
 == [File] - d:/develop/test/testvts/testdataselectionservices/nctstdslsadmexprresult.cpp
 == [Line] - 141

[Info] - check CheckResult(vTracks, Dsls::eOutStNoSamples, Dsls::eOutStNestingCriteria,
                        true, Dsls::eOutStNoSamples) passed
                    
 == [File] - d:/develop/test/testvts/testdataselectionservices/nctstdslsadmexprresult.cpp
 == [Line] - 142

[Info] - check CheckResult(vTracks, Dsls::eOutStNoSamples, Dsls::eOutStNoSamples, true,
                        Dsls::eOutStNoSamples) passed
                    
 == [File] - d:/develop/test/testvts/testdataselectionservices/nctstdslsadmexprresult.cpp
 == [Line] - 143
]]>
            </system-out>
        </testcase>
        <testcase classname="Master Test Suite.TestDataSelectionServices.NCTstDslsAdmExprResult" name="TestAndNonOverlap" time="0.000">
            <system-out>
				<![CDATA[
[Info] - check CheckResultSymmetric(vTracks1, Dsls::eOutStAllSamples, vTracks2,
                        Dsls::eOutStAllSamples, true, Dsls::eOutStAllSamples, Dsls::eOutStNoSamples,
                        Dsls::eOutStNoSamples) passed
                    
 == [File] - d:/develop/test/testvts/testdataselectionservices/nctstdslsadmexprresult.cpp
 == [Line] - 156

[Info] - check CheckResultSymmetric(vTracks1, Dsls::eOutStAllSamples, vTracks2,
                        Dsls::eOutStNestingCriteria, true, Dsls::eOutStNestingCriteria, Dsls::eOutStNoSamples,
                        Dsls::eOutStNoSamples) passed
                    
 == [File] - d:/develop/test/testvts/testdataselectionservices/nctstdslsadmexprresult.cpp
 == [Line] - 157

[Info] - check CheckResultSymmetric(vTracks1, Dsls::eOutStAllSamples, vTracks2,
                        Dsls::eOutStNoSamples, true, Dsls::eOutStNoSamples, Dsls::eOutStNoSamples,
                        Dsls::eOutStNoSamples) passed
                    
 == [File] - d:/develop/test/testvts/testdataselectionservices/nctstdslsadmexprresult.cpp
 == [Line] - 158

[Info] - check CheckResultSymmetric(vTracks1, Dsls::eOutStNestingCriteria, vTracks2,
                        Dsls::eOutStAllSamples, true, Dsls::eOutStNestingCriteria, Dsls::eOutStNoSamples,
                        Dsls::eOutStNoSamples) passed
                    
 == [File] - d:/develop/test/testvts/testdataselectionservices/nctstdslsadmexprresult.cpp
 == [Line] - 160

[Info] - check CheckResultSymmetric(vTracks1, Dsls::eOutStNestingCriteria, vTracks2,
                        Dsls::eOutStNestingCriteria, true, Dsls::eOutStNestingCriteria, Dsls::eOutStNoSamples,
                        Dsls::eOutStNoSamples) passed
                    
 == [File] - d:/develop/test/testvts/testdataselectionservices/nctstdslsadmexprresult.cpp
 == [Line] - 161

[Info] - check CheckResultSymmetric(vTracks1, Dsls::eOutStNestingCriteria, vTracks2,
                        Dsls::eOutStNoSamples, true, Dsls::eOutStNoSamples, Dsls::eOutStNoSamples,
                        Dsls::eOutStNoSamples) passed
                    
 == [File] - d:/develop/test/testvts/testdataselectionservices/nctstdslsadmexprresult.cpp
 == [Line] - 162

[Info] - check CheckResultSymmetric(vTracks1, Dsls::eOutStNoSamples, vTracks2,
                        Dsls::eOutStAllSamples, true, Dsls::eOutStNoSamples, Dsls::eOutStNoSamples,
                        Dsls::eOutStNoSamples) passed
                    
 == [File] - d:/develop/test/testvts/testdataselectionservices/nctstdslsadmexprresult.cpp
 == [Line] - 164

[Info] - check CheckResultSymmetric(vTracks1, Dsls::eOutStNoSamples, vTracks2,
                        Dsls::eOutStNestingCriteria, true, Dsls::eOutStNoSamples, Dsls::eOutStNoSamples,
                        Dsls::eOutStNoSamples) passed
                    
 == [File] - d:/develop/test/testvts/testdataselectionservices/nctstdslsadmexprresult.cpp
 == [Line] - 165

[Info] - check CheckResultSymmetric(vTracks1, Dsls::eOutStNoSamples, vTracks2,
                        Dsls::eOutStNoSamples, true, Dsls::eOutStNoSamples, Dsls::eOutStNoSamples,
                        Dsls::eOutStNoSamples) passed
                    
 == [File] - d:/develop/test/testvts/testdataselectionservices/nctstdslsadmexprresult.cpp
 == [Line] - 166
]]>
            </system-out>
        </testcase>
        <testcase classname="Master Test Suite.TestDataSelectionServices.NCTstDslsAdmExprResult" name="TestOr" time="0.000">
            <error>
				<![CDATA[
[Exception] - un test failed
 == [File] - test.cpp
 == [Line] -16
]]>
            </error>
            <system-out>
				<![CDATA[
[Info] - check CheckResult(vTracks, Dsls::eOutStAllSamples, Dsls::eOutStAllSamples, false,
                        Dsls::eOutStAllSamples) passed
                    
 == [File] - d:/develop/test/testvts/testdataselectionservices/nctstdslsadmexprresult.cpp
 == [Line] - 178

[Info] - check CheckResult(vTracks, Dsls::eOutStAllSamples, Dsls::eOutStNestingCriteria,
                        false, Dsls::eOutStAllSamples) passed
                    
 == [File] - d:/develop/test/testvts/testdataselectionservices/nctstdslsadmexprresult.cpp
 == [Line] - 179

[Info] - check CheckResult(vTracks, Dsls::eOutStAllSamples, Dsls::eOutStNoSamples, false,
                        Dsls::eOutStAllSamples) passed
                    
 == [File] - d:/develop/test/testvts/testdataselectionservices/nctstdslsadmexprresult.cpp
 == [Line] - 180

[Info] - check CheckResult(vTracks, Dsls::eOutStNestingCriteria, Dsls::eOutStAllSamples,
                        false, Dsls::eOutStAllSamples) passed
                    
 == [File] - d:/develop/test/testvts/testdataselectionservices/nctstdslsadmexprresult.cpp
 == [Line] - 182

[Info] - check CheckResult(vTracks, Dsls::eOutStNestingCriteria,
                        Dsls::eOutStNestingCriteria, false, Dsls::eOutStNestingCriteria) passed
                    
 == [File] - d:/develop/test/testvts/testdataselectionservices/nctstdslsadmexprresult.cpp
 == [Line] - 183

[Info] - check CheckResult(vTracks, Dsls::eOutStNestingCriteria, Dsls::eOutStNoSamples,
                        false, Dsls::eOutStNestingCriteria) passed
                    
 == [File] - d:/develop/test/testvts/testdataselectionservices/nctstdslsadmexprresult.cpp
 == [Line] - 184

[Info] - check CheckResult(vTracks, Dsls::eOutStNoSamples, Dsls::eOutStAllSamples, false,
                        Dsls::eOutStAllSamples) passed
                    
 == [File] - d:/develop/test/testvts/testdataselectionservices/nctstdslsadmexprresult.cpp
 == [Line] - 186

[Info] - check CheckResult(vTracks, Dsls::eOutStNoSamples, Dsls::eOutStNestingCriteria,
                        false, Dsls::eOutStNestingCriteria) passed
                    
 == [File] - d:/develop/test/testvts/testdataselectionservices/nctstdslsadmexprresult.cpp
 == [Line] - 187

[Info] - check CheckResult(vTracks, Dsls::eOutStNoSamples, Dsls::eOutStNoSamples, false,
                        Dsls::eOutStNoSamples) passed
                    
 == [File] - d:/develop/test/testvts/testdataselectionservices/nctstdslsadmexprresult.cpp
 == [Line] - 188
]]>
            </system-out>
        </testcase>
        <testcase classname="Master Test Suite.TestDataSelectionServices.NCTstDslsAdmExprResult" name="TestOrNonOverlap" time="0.000">
            <error>
				<![CDATA[
[Exception] - un test failed
 == [File] - test.cpp
 == [Line] -16
]]>
            </error>
            <system-out>
				<![CDATA[
[Info] - check CheckResultSymmetric(vTracks1, Dsls::eOutStAllSamples, vTracks2,
                        Dsls::eOutStAllSamples, false, Dsls::eOutStAllSamples, Dsls::eOutStAllSamples,
                        Dsls::eOutStAllSamples) passed
                    
 == [File] - d:/develop/test/testvts/testdataselectionservices/nctstdslsadmexprresult.cpp
 == [Line] - 201

[Info] - check CheckResultSymmetric(vTracks1, Dsls::eOutStAllSamples, vTracks2,
                        Dsls::eOutStNestingCriteria, false, Dsls::eOutStAllSamples, Dsls::eOutStAllSamples,
                        Dsls::eOutStNestingCriteria) passed
                    
 == [File] - d:/develop/test/testvts/testdataselectionservices/nctstdslsadmexprresult.cpp
 == [Line] - 202

[Info] - check CheckResultSymmetric(vTracks1, Dsls::eOutStAllSamples, vTracks2,
                        Dsls::eOutStNoSamples, false, Dsls::eOutStAllSamples, Dsls::eOutStAllSamples,
                        Dsls::eOutStNoSamples) passed
                    
 == [File] - d:/develop/test/testvts/testdataselectionservices/nctstdslsadmexprresult.cpp
 == [Line] - 203

[Info] - check CheckResultSymmetric(vTracks1, Dsls::eOutStNestingCriteria, vTracks2,
                        Dsls::eOutStAllSamples, false, Dsls::eOutStAllSamples, Dsls::eOutStNestingCriteria,
                        Dsls::eOutStAllSamples) passed
                    
 == [File] - d:/develop/test/testvts/testdataselectionservices/nctstdslsadmexprresult.cpp
 == [Line] - 205

[Info] - check CheckResultSymmetric(vTracks1, Dsls::eOutStNestingCriteria, vTracks2,
                        Dsls::eOutStNestingCriteria, false, Dsls::eOutStNestingCriteria, Dsls::eOutStNestingCriteria,
                        Dsls::eOutStNestingCriteria) passed
                    
 == [File] - d:/develop/test/testvts/testdataselectionservices/nctstdslsadmexprresult.cpp
 == [Line] - 206

[Info] - check CheckResultSymmetric(vTracks1, Dsls::eOutStNestingCriteria, vTracks2,
                        Dsls::eOutStNoSamples, false, Dsls::eOutStNestingCriteria, Dsls::eOutStNestingCriteria,
                        Dsls::eOutStNoSamples) passed
                    
 == [File] - d:/develop/test/testvts/testdataselectionservices/nctstdslsadmexprresult.cpp
 == [Line] - 207

[Info] - check CheckResultSymmetric(vTracks1, Dsls::eOutStNoSamples, vTracks2,
                        Dsls::eOutStAllSamples, false, Dsls::eOutStAllSamples, Dsls::eOutStNoSamples,
                        Dsls::eOutStAllSamples) passed
                    
 == [File] - d:/develop/test/testvts/testdataselectionservices/nctstdslsadmexprresult.cpp
 == [Line] - 209

[Info] - check CheckResultSymmetric(vTracks1, Dsls::eOutStNoSamples, vTracks2,
                        Dsls::eOutStNestingCriteria, false, Dsls::eOutStNestingCriteria, Dsls::eOutStNoSamples,
                        Dsls::eOutStNestingCriteria) passed
                    
 == [File] - d:/develop/test/testvts/testdataselectionservices/nctstdslsadmexprresult.cpp
 == [Line] - 210

[Info] - check CheckResultSymmetric(vTracks1, Dsls::eOutStNoSamples, vTracks2,
                        Dsls::eOutStNoSamples, false, Dsls::eOutStNoSamples, Dsls::eOutStNoSamples,
                        Dsls::eOutStNoSamples) passed
                    
 == [File] - d:/develop/test/testvts/testdataselectionservices/nctstdslsadmexprresult.cpp
 == [Line] - 211
]]>
            </system-out>
        </testcase>
    </testsuite>
</testsuite>