<?xml version="1.0" encoding="UTF-8"?>
<testsuites>
    <testsuite name="LfMerge.Core.Tests.Actions.ActionTests.EnumerateActionsStartingWith" tests="7" failures="0" errors="0" skipped="0" time="0.432">
        <testcase classname="LfMerge.Core.Tests.Actions.ActionTests.EnumerateActionsStartingWith" name="(TransferFdoToMongo,None)" time="0.391" />
        <testcase classname="LfMerge.Core.Tests.Actions.ActionTests.EnumerateActionsStartingWith" name="(Edit,TransferFdoToMongo)" time="0.005" />
        <testcase classname="LfMerge.Core.Tests.Actions.ActionTests.EnumerateActionsStartingWith" name="(Synchronize,Edit)" time="0.003" />
        <testcase classname="LfMerge.Core.Tests.Actions.ActionTests.EnumerateActionsStartingWith" name="(Commit,Synchronize)" time="0.003" />
        <testcase classname="LfMerge.Core.Tests.Actions.ActionTests.EnumerateActionsStartingWith" name="(TransferMongoToFdo,Commit)" time="0.003" />
        <testcase classname="LfMerge.Core.Tests.Actions.ActionTests.EnumerateActionsStartingWith" name="(EnsureClone,TransferMongoToFdo)" time="0.003" />
        <testcase classname="LfMerge.Core.Tests.Actions.ActionTests.EnumerateActionsStartingWith" name="(None,EnsureClone)" time="0.006" />
    </testsuite>
    <testsuite name="LfMerge.Core.Tests.Actions.ActionTests.GetActionFromQueue" tests="3" failures="0" errors="0" skipped="0" time="0.019">
        <testcase classname="LfMerge.Core.Tests.Actions.ActionTests.GetActionFromQueue" name="(Synchronize,Synchronize)" time="0.003" />
        <testcase classname="LfMerge.Core.Tests.Actions.ActionTests.GetActionFromQueue" name="(Edit,Edit)" time="0.010" />
        <testcase classname="LfMerge.Core.Tests.Actions.ActionTests.GetActionFromQueue" name="(None,None)" time="0.003" />
    </testsuite>
    <testsuite name="LfMerge.Core.Tests.Actions.ActionTests.NextAction" tests="2" failures="0" errors="0" skipped="0" time="0.022">
        <testcase classname="LfMerge.Core.Tests.Actions.ActionTests.NextAction" name="(Synchronize,LfMerge.Core.Actions.ActionNames[])" time="0.016" />
        <testcase classname="LfMerge.Core.Tests.Actions.ActionTests.NextAction" name="(Edit,LfMerge.Core.Actions.ActionNames[])" time="0.003" />
    </testsuite>
    <testsuite name="LfMerge.Core.Tests.Actions.ActionTests.State" tests="4" failures="0" errors="0" skipped="0" time="0.133">
        <testcase classname="LfMerge.Core.Tests.Actions.ActionTests.State" name="(TransferFdoToMongo,SYNCING)" time="0.018" />
        <testcase classname="LfMerge.Core.Tests.Actions.ActionTests.State" name="(Edit,SYNCING)" time="0.004" />
        <testcase classname="LfMerge.Core.Tests.Actions.ActionTests.State" name="(Commit,SYNCING)" time="0.004" />
        <testcase classname="LfMerge.Core.Tests.Actions.ActionTests.State" name="(TransferMongoToFdo,SYNCING)" time="0.103" />
    </testsuite>
    <testsuite name="LfMerge.Core.Tests.Actions.ActionTests.State_SkipsHoldState" tests="5" failures="0" errors="0" skipped="0" time="0.027">
        <testcase classname="LfMerge.Core.Tests.Actions.ActionTests.State_SkipsHoldState" name="(TransferFdoToMongo)" time="0.007" />
        <testcase classname="LfMerge.Core.Tests.Actions.ActionTests.State_SkipsHoldState" name="(Edit)" time="0.004" />
        <testcase classname="LfMerge.Core.Tests.Actions.ActionTests.State_SkipsHoldState" name="(Synchronize)" time="0.004" />
        <testcase classname="LfMerge.Core.Tests.Actions.ActionTests.State_SkipsHoldState" name="(Commit)" time="0.004" />
        <testcase classname="LfMerge.Core.Tests.Actions.ActionTests.State_SkipsHoldState" name="(TransferMongoToFdo)" time="0.004" />
    </testsuite>
    <testsuite name="LfMerge.Core.Tests.Actions.EnsureCloneActionBridgeIntegrationTests" tests="8" failures="0" errors="0" skipped="0" time="39.793" group="IntegrationTests">
        <testcase classname="LfMerge.Core.Tests.Actions.EnsureCloneActionBridgeIntegrationTests" name="Error_CloneHasHigherModelVersion" time="3.738" />
        <testcase classname="LfMerge.Core.Tests.Actions.EnsureCloneActionBridgeIntegrationTests" name="Error_NoBranch_OlderSupportedBranch" time="3.827" />
        <testcase classname="LfMerge.Core.Tests.Actions.EnsureCloneActionBridgeIntegrationTests" name="Error_NoBranch_UnsupportedBranch" time="3.779" />
        <testcase classname="LfMerge.Core.Tests.Actions.EnsureCloneActionBridgeIntegrationTests" name="Error_NoCommitsInRepository" time="0.585" />
        <testcase classname="LfMerge.Core.Tests.Actions.EnsureCloneActionBridgeIntegrationTests" name="Error_NotAFlexProject" time="0.487" />
        <testcase classname="LfMerge.Core.Tests.Actions.EnsureCloneActionBridgeIntegrationTests" name="Success_AlreadyOnIt" time="2.820" />
        <testcase classname="LfMerge.Core.Tests.Actions.EnsureCloneActionBridgeIntegrationTests" name="Success_DirectoryAlreadyExists_ShouldRecreateFwdataFile" time="20.577" />
        <testcase classname="LfMerge.Core.Tests.Actions.EnsureCloneActionBridgeIntegrationTests" name="Success_Update" time="3.970" />
    </testsuite>
    <testsuite name="LfMerge.Core.Tests.Actions.EnsureCloneActionTests" tests="10" failures="0" errors="0" skipped="0" time="0.418">
        <testcase classname="LfMerge.Core.Tests.Actions.EnsureCloneActionTests" name="EnsureClone_NonExistingProject_SetsStateOnHold" time="0.025" />
        <testcase classname="LfMerge.Core.Tests.Actions.EnsureCloneActionTests" name="EnsureClone_ProjectDirExistHgDoesntExist_ClonesProject" time="0.016" />
        <testcase classname="LfMerge.Core.Tests.Actions.EnsureCloneActionTests" name="EnsureClone_ProjectThatHasAPreviouslyClonedDate_DoesNotRunInitialClone" time="0.024" />
        <testcase classname="LfMerge.Core.Tests.Actions.EnsureCloneActionTests" name="EnsureClone_ProjectThatHasAPreviouslyClonedDateButDoesNotHaveAnSRProjectCode_RunsInitialClone"
            time="0.030" />
        <testcase classname="LfMerge.Core.Tests.Actions.EnsureCloneActionTests" name="EnsureClone_ProjectThatHasNeverBeenCloned_RunsInitialClone" time="0.012" />
        <testcase classname="LfMerge.Core.Tests.Actions.EnsureCloneActionTests" name="EnsureClone_ProjectThatHasPreviousUserData_DoesNotRunInitialClone" time="0.232" />
        <testcase classname="LfMerge.Core.Tests.Actions.EnsureCloneActionTests" name="EnsureClone_StateFileDoesntExistAndStateCloning_CloneProject" time="0.024" />
        <testcase classname="LfMerge.Core.Tests.Actions.EnsureCloneActionTests" name="EnsureClone_StateFileDoesntExistAndStateNotCloning_ClonesProject" time="0.016" />
        <testcase classname="LfMerge.Core.Tests.Actions.EnsureCloneActionTests" name="EnsureClone_StateFileExistsStateCloning_CloneProject" time="0.023" />
        <testcase classname="LfMerge.Core.Tests.Actions.EnsureCloneActionTests" name="EnsureClone_StateFileExistsStateNotCloning_DoesntCloneProject" time="0.007" />
    </testsuite>
    <testsuite name="LfMerge.Core.Tests.Actions.Infrastructure.ChorusHelperTests" tests="5" failures="0" errors="0" skipped="0" time="0.025">
        <testcase classname="LfMerge.Core.Tests.Actions.Infrastructure.ChorusHelperTests" name="GetSyncUri_NameWithSpace" time="0.006" />
        <testcase classname="LfMerge.Core.Tests.Actions.Infrastructure.ChorusHelperTests" name="GetSyncUri_SimpleName" time="0.003" />
        <testcase classname="LfMerge.Core.Tests.Actions.Infrastructure.ChorusHelperTests" name="RemoteDataIsForDifferentModelVersion_DifferentVersion" time="0.003" />
        <testcase classname="LfMerge.Core.Tests.Actions.Infrastructure.ChorusHelperTests" name="RemoteDataIsForDifferentModelVersion_SameVersion" time="0.003" />
        <testcase classname="LfMerge.Core.Tests.Actions.Infrastructure.ChorusHelperTests" name="SetModelVersion" time="0.003" />
    </testsuite>
    <testsuite name="LfMerge.Core.Tests.Actions.SynchronizeActionBridgeIntegrationTests" tests="10" failures="0" errors="0" skipped="0" time="175.067" group="IntegrationTests">
        <testcase classname="LfMerge.Core.Tests.Actions.SynchronizeActionBridgeIntegrationTests" name="Error_DifferentBranch" time="3.426" />
        <testcase classname="LfMerge.Core.Tests.Actions.SynchronizeActionBridgeIntegrationTests" name="Error_InvalidUtf8InXml" time="5.731" />
        <testcase classname="LfMerge.Core.Tests.Actions.SynchronizeActionBridgeIntegrationTests" name="Error_NewerBranch" time="3.899" />
        <testcase classname="LfMerge.Core.Tests.Actions.SynchronizeActionBridgeIntegrationTests" name="Error_NoCommitsInRepository" time="1.011" />
        <testcase classname="LfMerge.Core.Tests.Actions.SynchronizeActionBridgeIntegrationTests" name="Error_NoHgRepo" time="0.140" />
        <testcase classname="LfMerge.Core.Tests.Actions.SynchronizeActionBridgeIntegrationTests" name="Error_WrongXmlEncoding" time="7.214" />
        <testcase classname="LfMerge.Core.Tests.Actions.SynchronizeActionBridgeIntegrationTests" name="MissingFwDataFixer_Throws" time="0.146" />
        <testcase classname="LfMerge.Core.Tests.Actions.SynchronizeActionBridgeIntegrationTests" name="Success_ChangesFromOthersNoChangesFromUs" time="64.823" />
        <testcase classname="LfMerge.Core.Tests.Actions.SynchronizeActionBridgeIntegrationTests" name="Success_ChangesFromUsNoChangesFromOthers" time="43.587" />
        <testcase classname="LfMerge.Core.Tests.Actions.SynchronizeActionBridgeIntegrationTests" name="Success_NoNewChangesFromOthersAndUs" time="45.079" />
    </testsuite>
    <testsuite name="LfMerge.Core.Tests.Actions.SynchronizeActionTests" tests="7" failures="0" errors="0" skipped="0" time="862.731" group="IntegrationTests LongRunning">
        <testcase classname="LfMerge.Core.Tests.Actions.SynchronizeActionTests" name="SynchronizeAction_LFDataChangedLDDataChanged_LFWins" time="155.765" />
        <testcase classname="LfMerge.Core.Tests.Actions.SynchronizeActionTests" name="SynchronizeAction_LFDataChangedLDEntryDeleted_LFWins" time="180.260" />
        <testcase classname="LfMerge.Core.Tests.Actions.SynchronizeActionTests" name="SynchronizeAction_LFDataChangedLDOtherDataChanged_ModifiedDateUpdated" time="161.142" />
        <testcase classname="LfMerge.Core.Tests.Actions.SynchronizeActionTests" name="SynchronizeAction_LFDataDeleted_EntryRemoved" time="57.902" />
        <testcase classname="LfMerge.Core.Tests.Actions.SynchronizeActionTests" name="SynchronizeAction_LFDataDeletedLDDataChanged_LDWins" time="119.520" />
        <testcase classname="LfMerge.Core.Tests.Actions.SynchronizeActionTests" name="SynchronizeAction_LFEntryDeletedLDDataChanged_LDWins" time="182.802" />
        <testcase classname="LfMerge.Core.Tests.Actions.SynchronizeActionTests" name="TransferMongoToFdoAction_NoChangedData_DateModifiedUnchanged" time="5.322" />
    </testsuite>
    <testsuite name="LfMerge.Core.Tests.BidirectionalDictionaryTests" tests="19" failures="0" errors="0" skipped="0" time="0.041">
        <testcase classname="LfMerge.Core.Tests.BidirectionalDictionaryTests" name="AddDoubleDuplicate_WillFail" time="0.006" />
        <testcase classname="LfMerge.Core.Tests.BidirectionalDictionaryTests" name="AddDoubleDuplicate_WillNotChangeDict" time="0.001" />
        <testcase classname="LfMerge.Core.Tests.BidirectionalDictionaryTests" name="AddSingleDuplicate_InFirstPosition_WillFail" time="0.000" />
        <testcase classname="LfMerge.Core.Tests.BidirectionalDictionaryTests" name="AddSingleDuplicate_InFirstPosition_WillNotChangeDict" time="0.001" />
        <testcase classname="LfMerge.Core.Tests.BidirectionalDictionaryTests" name="AddSingleDuplicate_InSecondPosition_WillFail" time="0.000" />
        <testcase classname="LfMerge.Core.Tests.BidirectionalDictionaryTests" name="AddSingleDuplicate_InSecondPosition_WillNotChangeDict" time="0.001" />
        <testcase classname="LfMerge.Core.Tests.BidirectionalDictionaryTests" name="Keys_AfterDeletionByFirst_ReturnsTwoKeys" time="0.003" />
        <testcase classname="LfMerge.Core.Tests.BidirectionalDictionaryTests" name="Keys_AfterDeletionBySecond_ReturnsTwoKeys" time="0.001" />
        <testcase classname="LfMerge.Core.Tests.BidirectionalDictionaryTests" name="Keys_AfterInsertion_ReturnsFourKeys" time="0.000" />
        <testcase classname="LfMerge.Core.Tests.BidirectionalDictionaryTests" name="Keys_ReturnsAllThreeKeys" time="0.000" />
        <testcase classname="LfMerge.Core.Tests.BidirectionalDictionaryTests" name="RemoveKeyValuePair_OfExistingItem_ChangesCount" time="0.002" />
        <testcase classname="LfMerge.Core.Tests.BidirectionalDictionaryTests" name="RemoveKeyValuePair_OfExistingItem_Succeeds" time="0.000" />
        <testcase classname="LfMerge.Core.Tests.BidirectionalDictionaryTests" name="RemoveKeyValuePair_OfNonexistentItem_Fails" time="0.000" />
        <testcase classname="LfMerge.Core.Tests.BidirectionalDictionaryTests" name="RemoveKeyValuePair_OfNonexistentItemByFirstValue_DoesNotChangeCount" time="0.000" />
        <testcase classname="LfMerge.Core.Tests.BidirectionalDictionaryTests" name="RemoveKeyValuePair_OfNonexistentItemBySecondValue_DoesNotChangeCount" time="0.000" />
        <testcase classname="LfMerge.Core.Tests.BidirectionalDictionaryTests" name="Values_AfterDeletionByFirst_ReturnsTwoValues" time="0.003" />
        <testcase classname="LfMerge.Core.Tests.BidirectionalDictionaryTests" name="Values_AfterDeletionBySecond_ReturnsTwoValues" time="0.000" />
        <testcase classname="LfMerge.Core.Tests.BidirectionalDictionaryTests" name="Values_AfterInsertion_ReturnsFourValues" time="0.000" />
        <testcase classname="LfMerge.Core.Tests.BidirectionalDictionaryTests" name="Values_ReturnsAllThreeValues" time="0.000" />
    </testsuite>
    <testsuite name="LfMerge.Core.Tests.Fdo.DataConverters.ConvertFdoToMongoCustomFieldTests" tests="3" failures="0" errors="0" skipped="0" time="2.431">
        <testcase classname="LfMerge.Core.Tests.Fdo.DataConverters.ConvertFdoToMongoCustomFieldTests" name="GetCustomFieldForThisCmObject_ShouldGetMultiListRef" time="2.397" />
        <testcase classname="LfMerge.Core.Tests.Fdo.DataConverters.ConvertFdoToMongoCustomFieldTests" name="GetCustomFieldForThisCmObject_ShouldGetSingleLineAll" time="0.017" />
        <testcase classname="LfMerge.Core.Tests.Fdo.DataConverters.ConvertFdoToMongoCustomFieldTests" name="GetCustomFieldsForThisCmObject_ShouldGetCustomFieldSettings"
            time="0.013" />
    </testsuite>
    <testsuite name="LfMerge.Core.Tests.Fdo.DataConverters.ConvertMongoToFdoTsStringsTests" tests="134" failures="0" errors="0" skipped="0" time="1.867">
        <testcase classname="LfMerge.Core.Tests.Fdo.DataConverters.ConvertMongoToFdoTsStringsTests" name="CanClassifySpansByLanguage_ContainsAngleBrackets" time="0.017" />
        <testcase classname="LfMerge.Core.Tests.Fdo.DataConverters.ConvertMongoToFdoTsStringsTests" name="CanClassifySpansByLanguage_ContainsBrTags" time="0.010" />
        <testcase classname="LfMerge.Core.Tests.Fdo.DataConverters.ConvertMongoToFdoTsStringsTests" name="CanClassifySpansByLanguage_ContainsBrTagsStripped" time="0.014" />
        <testcase classname="LfMerge.Core.Tests.Fdo.DataConverters.ConvertMongoToFdoTsStringsTests" name="CanClassifySpansByLanguage_ContainsHtml" time="0.010" />
        <testcase classname="LfMerge.Core.Tests.Fdo.DataConverters.ConvertMongoToFdoTsStringsTests" name="CanClassifySpansByLanguage_OneGuidOneStyle" time="0.010" />
        <testcase classname="LfMerge.Core.Tests.Fdo.DataConverters.ConvertMongoToFdoTsStringsTests" name="CanClassifySpansByLanguage_TwoGuids" time="0.014" />
        <testcase classname="LfMerge.Core.Tests.Fdo.DataConverters.ConvertMongoToFdoTsStringsTests" name="CanClassifySpansByLanguage_TwoGuidsOneStyle" time="0.010" />
        <testcase classname="LfMerge.Core.Tests.Fdo.DataConverters.ConvertMongoToFdoTsStringsTests" name="CanClassifySpansByLanguage_TwoGuidsTwoStylesNoLangs" time="0.015" />
        <testcase classname="LfMerge.Core.Tests.Fdo.DataConverters.ConvertMongoToFdoTsStringsTests" name="CanClassifySpansByLanguage_TwoGuidsTwoStylesOneLang" time="0.010" />
        <testcase classname="LfMerge.Core.Tests.Fdo.DataConverters.ConvertMongoToFdoTsStringsTests" name="CanClassifySpansByLanguage_TwoGuidsTwoStylesTwoLangs" time="0.014" />
        <testcase classname="LfMerge.Core.Tests.Fdo.DataConverters.ConvertMongoToFdoTsStringsTests" name="CanClassifySpansByLanguage_TwoLangs" time="0.010" />
        <testcase classname="LfMerge.Core.Tests.Fdo.DataConverters.ConvertMongoToFdoTsStringsTests" name="CanClassifySpansByLanguage_TwoStyles" time="0.014" />
        <testcase classname="LfMerge.Core.Tests.Fdo.DataConverters.ConvertMongoToFdoTsStringsTests" name="CanClassifySpansByLanguage_TwoStylesTwoLangsOneOtherProperty"
            time="0.011" />
        <testcase classname="LfMerge.Core.Tests.Fdo.DataConverters.ConvertMongoToFdoTsStringsTests" name="CanClassifySpansByLanguage_TwoStylesTwoLangsTwoOtherProperties"
            time="0.015" />
        <testcase classname="LfMerge.Core.Tests.Fdo.DataConverters.ConvertMongoToFdoTsStringsTests" name="CanClassifySpansByLanguage_TwoStylesTwoLangsTwoOtherPropertiesEscaped"
            time="0.014" />
        <testcase classname="LfMerge.Core.Tests.Fdo.DataConverters.ConvertMongoToFdoTsStringsTests" name="CanClassifySpansByLanguage_ZeroSpans" time="0.009" />
        <testcase classname="LfMerge.Core.Tests.Fdo.DataConverters.ConvertMongoToFdoTsStringsTests" name="CanCreateTsStringsFromSpans_ContainsAngleBrackets" time="0.015" />
        <testcase classname="LfMerge.Core.Tests.Fdo.DataConverters.ConvertMongoToFdoTsStringsTests" name="CanCreateTsStringsFromSpans_ContainsBrTags" time="0.010" />
        <testcase classname="LfMerge.Core.Tests.Fdo.DataConverters.ConvertMongoToFdoTsStringsTests" name="CanCreateTsStringsFromSpans_ContainsBrTagsStripped" time="0.015" />
        <testcase classname="LfMerge.Core.Tests.Fdo.DataConverters.ConvertMongoToFdoTsStringsTests" name="CanCreateTsStringsFromSpans_ContainsHtml" time="0.010" />
        <testcase classname="LfMerge.Core.Tests.Fdo.DataConverters.ConvertMongoToFdoTsStringsTests" name="CanCreateTsStringsFromSpans_OneGuidOneStyle" time="0.015" />
        <testcase classname="LfMerge.Core.Tests.Fdo.DataConverters.ConvertMongoToFdoTsStringsTests" name="CanCreateTsStringsFromSpans_TwoGuids" time="0.010" />
        <testcase classname="LfMerge.Core.Tests.Fdo.DataConverters.ConvertMongoToFdoTsStringsTests" name="CanCreateTsStringsFromSpans_TwoGuidsOneStyle" time="0.015" />
        <testcase classname="LfMerge.Core.Tests.Fdo.DataConverters.ConvertMongoToFdoTsStringsTests" name="CanCreateTsStringsFromSpans_TwoGuidsTwoStylesNoLangs" time="0.010" />
        <testcase classname="LfMerge.Core.Tests.Fdo.DataConverters.ConvertMongoToFdoTsStringsTests" name="CanCreateTsStringsFromSpans_TwoGuidsTwoStylesOneLang" time="0.010" />
        <testcase classname="LfMerge.Core.Tests.Fdo.DataConverters.ConvertMongoToFdoTsStringsTests" name="CanCreateTsStringsFromSpans_TwoGuidsTwoStylesTwoLangs" time="0.015" />
        <testcase classname="LfMerge.Core.Tests.Fdo.DataConverters.ConvertMongoToFdoTsStringsTests" name="CanCreateTsStringsFromSpans_TwoLangs" time="0.011" />
        <testcase classname="LfMerge.Core.Tests.Fdo.DataConverters.ConvertMongoToFdoTsStringsTests" name="CanCreateTsStringsFromSpans_TwoStyles" time="0.015" />
        <testcase classname="LfMerge.Core.Tests.Fdo.DataConverters.ConvertMongoToFdoTsStringsTests" name="CanCreateTsStringsFromSpans_TwoStylesTwoLangsOneOtherProperty"
            time="0.011" />
        <testcase classname="LfMerge.Core.Tests.Fdo.DataConverters.ConvertMongoToFdoTsStringsTests" name="CanCreateTsStringsFromSpans_TwoStylesTwoLangsTwoOtherProperties"
            time="0.016" />
        <testcase classname="LfMerge.Core.Tests.Fdo.DataConverters.ConvertMongoToFdoTsStringsTests" name="CanCreateTsStringsFromSpans_TwoStylesTwoLangsTwoOtherPropertiesEscaped"
            time="0.011" />
        <testcase classname="LfMerge.Core.Tests.Fdo.DataConverters.ConvertMongoToFdoTsStringsTests" name="CanCreateTsStringsFromSpans_ZeroSpans" time="0.014" />
        <testcase classname="LfMerge.Core.Tests.Fdo.DataConverters.ConvertMongoToFdoTsStringsTests" name="CanDetectSpans_ContainsAngleBrackets" time="0.010" />
        <testcase classname="LfMerge.Core.Tests.Fdo.DataConverters.ConvertMongoToFdoTsStringsTests" name="CanDetectSpans_ContainsBrTags" time="0.014" />
        <testcase classname="LfMerge.Core.Tests.Fdo.DataConverters.ConvertMongoToFdoTsStringsTests" name="CanDetectSpans_ContainsBrTagsStripped" time="0.015" />
        <testcase classname="LfMerge.Core.Tests.Fdo.DataConverters.ConvertMongoToFdoTsStringsTests" name="CanDetectSpans_ContainsHtml" time="0.010" />
        <testcase classname="LfMerge.Core.Tests.Fdo.DataConverters.ConvertMongoToFdoTsStringsTests" name="CanDetectSpans_OneGuidOneStyle" time="0.014" />
        <testcase classname="LfMerge.Core.Tests.Fdo.DataConverters.ConvertMongoToFdoTsStringsTests" name="CanDetectSpans_TwoGuids" time="0.010" />
        <testcase classname="LfMerge.Core.Tests.Fdo.DataConverters.ConvertMongoToFdoTsStringsTests" name="CanDetectSpans_TwoGuidsOneStyle" time="0.014" />
        <testcase classname="LfMerge.Core.Tests.Fdo.DataConverters.ConvertMongoToFdoTsStringsTests" name="CanDetectSpans_TwoGuidsTwoStylesNoLangs" time="0.010" />
        <testcase classname="LfMerge.Core.Tests.Fdo.DataConverters.ConvertMongoToFdoTsStringsTests" name="CanDetectSpans_TwoGuidsTwoStylesOneLang" time="0.014" />
        <testcase classname="LfMerge.Core.Tests.Fdo.DataConverters.ConvertMongoToFdoTsStringsTests" name="CanDetectSpans_TwoGuidsTwoStylesTwoLangs" time="0.009" />
        <testcase classname="LfMerge.Core.Tests.Fdo.DataConverters.ConvertMongoToFdoTsStringsTests" name="CanDetectSpans_TwoLangs" time="0.014" />
        <testcase classname="LfMerge.Core.Tests.Fdo.DataConverters.ConvertMongoToFdoTsStringsTests" name="CanDetectSpans_TwoStyles" time="0.010" />
        <testcase classname="LfMerge.Core.Tests.Fdo.DataConverters.ConvertMongoToFdoTsStringsTests" name="CanDetectSpans_TwoStylesTwoLangsOneOtherProperty" time="0.009" />
        <testcase classname="LfMerge.Core.Tests.Fdo.DataConverters.ConvertMongoToFdoTsStringsTests" name="CanDetectSpans_TwoStylesTwoLangsTwoOtherProperties" time="0.016" />
        <testcase classname="LfMerge.Core.Tests.Fdo.DataConverters.ConvertMongoToFdoTsStringsTests" name="CanDetectSpans_TwoStylesTwoLangsTwoOtherPropertiesEscaped" time="0.010" />
        <testcase classname="LfMerge.Core.Tests.Fdo.DataConverters.ConvertMongoToFdoTsStringsTests" name="CanDetectSpans_ZeroSpans" time="0.014" />
        <testcase classname="LfMerge.Core.Tests.Fdo.DataConverters.ConvertMongoToFdoTsStringsTests" name="CanExtractGuidsFromSpans_ContainsAngleBrackets" time="0.011" />
        <testcase classname="LfMerge.Core.Tests.Fdo.DataConverters.ConvertMongoToFdoTsStringsTests" name="CanExtractGuidsFromSpans_ContainsBrTags" time="0.016" />
        <testcase classname="LfMerge.Core.Tests.Fdo.DataConverters.ConvertMongoToFdoTsStringsTests" name="CanExtractGuidsFromSpans_ContainsBrTagsStripped" time="0.010" />
        <testcase classname="LfMerge.Core.Tests.Fdo.DataConverters.ConvertMongoToFdoTsStringsTests" name="CanExtractGuidsFromSpans_ContainsHtml" time="0.014" />
        <testcase classname="LfMerge.Core.Tests.Fdo.DataConverters.ConvertMongoToFdoTsStringsTests" name="CanExtractGuidsFromSpans_OneGuidOneStyle" time="0.010" />
        <testcase classname="LfMerge.Core.Tests.Fdo.DataConverters.ConvertMongoToFdoTsStringsTests" name="CanExtractGuidsFromSpans_TwoGuids" time="0.015" />
        <testcase classname="LfMerge.Core.Tests.Fdo.DataConverters.ConvertMongoToFdoTsStringsTests" name="CanExtractGuidsFromSpans_TwoGuidsOneStyle" time="0.015" />
        <testcase classname="LfMerge.Core.Tests.Fdo.DataConverters.ConvertMongoToFdoTsStringsTests" name="CanExtractGuidsFromSpans_TwoGuidsTwoStylesNoLangs" time="0.010" />
        <testcase classname="LfMerge.Core.Tests.Fdo.DataConverters.ConvertMongoToFdoTsStringsTests" name="CanExtractGuidsFromSpans_TwoGuidsTwoStylesOneLang" time="0.015" />
        <testcase classname="LfMerge.Core.Tests.Fdo.DataConverters.ConvertMongoToFdoTsStringsTests" name="CanExtractGuidsFromSpans_TwoGuidsTwoStylesTwoLangs" time="0.010" />
        <testcase classname="LfMerge.Core.Tests.Fdo.DataConverters.ConvertMongoToFdoTsStringsTests" name="CanExtractGuidsFromSpans_TwoLangs" time="0.014" />
        <testcase classname="LfMerge.Core.Tests.Fdo.DataConverters.ConvertMongoToFdoTsStringsTests" name="CanExtractGuidsFromSpans_TwoStyles" time="0.010" />
        <testcase classname="LfMerge.Core.Tests.Fdo.DataConverters.ConvertMongoToFdoTsStringsTests" name="CanExtractGuidsFromSpans_TwoStylesTwoLangsTwoOtherProperties"
            time="0.014" />
        <testcase classname="LfMerge.Core.Tests.Fdo.DataConverters.ConvertMongoToFdoTsStringsTests" name="CanExtractGuidsFromSpans_TwoStylesTwoLangsTwoOtherPropertiesEscaped"
            time="0.010" />
        <testcase classname="LfMerge.Core.Tests.Fdo.DataConverters.ConvertMongoToFdoTsStringsTests" name="CanExtractGuidsFromSpans_ZeroSpans" time="0.014" />
        <testcase classname="LfMerge.Core.Tests.Fdo.DataConverters.ConvertMongoToFdoTsStringsTests" name="CanExtractRunsFromSpans_ContainsAngleBrackets" time="0.010" />
        <testcase classname="LfMerge.Core.Tests.Fdo.DataConverters.ConvertMongoToFdoTsStringsTests" name="CanExtractRunsFromSpans_ContainsBrTags" time="0.016" />
        <testcase classname="LfMerge.Core.Tests.Fdo.DataConverters.ConvertMongoToFdoTsStringsTests" name="CanExtractRunsFromSpans_ContainsBrTagsStripped" time="0.016" />
        <testcase classname="LfMerge.Core.Tests.Fdo.DataConverters.ConvertMongoToFdoTsStringsTests" name="CanExtractRunsFromSpans_ContainsHtml" time="0.010" />
        <testcase classname="LfMerge.Core.Tests.Fdo.DataConverters.ConvertMongoToFdoTsStringsTests" name="CanExtractRunsFromSpans_OneGuidOneStyle" time="0.015" />
        <testcase classname="LfMerge.Core.Tests.Fdo.DataConverters.ConvertMongoToFdoTsStringsTests" name="CanExtractRunsFromSpans_TwoGuids" time="0.011" />
        <testcase classname="LfMerge.Core.Tests.Fdo.DataConverters.ConvertMongoToFdoTsStringsTests" name="CanExtractRunsFromSpans_TwoGuidsOneStyle" time="0.015" />
        <testcase classname="LfMerge.Core.Tests.Fdo.DataConverters.ConvertMongoToFdoTsStringsTests" name="CanExtractRunsFromSpans_TwoGuidsTwoStylesNoLangs" time="0.011" />
        <testcase classname="LfMerge.Core.Tests.Fdo.DataConverters.ConvertMongoToFdoTsStringsTests" name="CanExtractRunsFromSpans_TwoGuidsTwoStylesOneLang" time="0.015" />
        <testcase classname="LfMerge.Core.Tests.Fdo.DataConverters.ConvertMongoToFdoTsStringsTests" name="CanExtractRunsFromSpans_TwoGuidsTwoStylesTwoLangs" time="0.011" />
        <testcase classname="LfMerge.Core.Tests.Fdo.DataConverters.ConvertMongoToFdoTsStringsTests" name="CanExtractRunsFromSpans_TwoLangs" time="0.016" />
        <testcase classname="LfMerge.Core.Tests.Fdo.DataConverters.ConvertMongoToFdoTsStringsTests" name="CanExtractRunsFromSpans_TwoStyles" time="0.015" />
        <testcase classname="LfMerge.Core.Tests.Fdo.DataConverters.ConvertMongoToFdoTsStringsTests" name="CanExtractRunsFromSpans_TwoStylesTwoLangsOneOtherProperty" time="0.010" />
        <testcase classname="LfMerge.Core.Tests.Fdo.DataConverters.ConvertMongoToFdoTsStringsTests" name="CanExtractRunsFromSpans_TwoStylesTwoLangsTwoOtherProperties"
            time="0.015" />
        <testcase classname="LfMerge.Core.Tests.Fdo.DataConverters.ConvertMongoToFdoTsStringsTests" name="CanExtractRunsFromSpans_TwoStylesTwoLangsTwoOtherPropertiesEscaped"
            time="0.010" />
        <testcase classname="LfMerge.Core.Tests.Fdo.DataConverters.ConvertMongoToFdoTsStringsTests" name="CanExtractRunsFromSpans_ZeroSpans" time="0.015" />
        <testcase classname="LfMerge.Core.Tests.Fdo.DataConverters.ConvertMongoToFdoTsStringsTests" name="CanExtractStylesFromSpans_ContainsAngleBrackets" time="0.010" />
        <testcase classname="LfMerge.Core.Tests.Fdo.DataConverters.ConvertMongoToFdoTsStringsTests" name="CanExtractStylesFromSpans_ContainsBrTags" time="0.014" />
        <testcase classname="LfMerge.Core.Tests.Fdo.DataConverters.ConvertMongoToFdoTsStringsTests" name="CanExtractStylesFromSpans_ContainsBrTagsStripped" time="0.010" />
        <testcase classname="LfMerge.Core.Tests.Fdo.DataConverters.ConvertMongoToFdoTsStringsTests" name="CanExtractStylesFromSpans_ContainsHtml" time="0.015" />
        <testcase classname="LfMerge.Core.Tests.Fdo.DataConverters.ConvertMongoToFdoTsStringsTests" name="CanExtractStylesFromSpans_OneGuidOneStyle" time="0.010" />
        <testcase classname="LfMerge.Core.Tests.Fdo.DataConverters.ConvertMongoToFdoTsStringsTests" name="CanExtractStylesFromSpans_TwoGuids" time="0.015" />
        <testcase classname="LfMerge.Core.Tests.Fdo.DataConverters.ConvertMongoToFdoTsStringsTests" name="CanExtractStylesFromSpans_TwoGuidsOneStyle" time="0.014" />
        <testcase classname="LfMerge.Core.Tests.Fdo.DataConverters.ConvertMongoToFdoTsStringsTests" name="CanExtractStylesFromSpans_TwoGuidsTwoStylesNoLangs" time="0.010" />
        <testcase classname="LfMerge.Core.Tests.Fdo.DataConverters.ConvertMongoToFdoTsStringsTests" name="CanExtractStylesFromSpans_TwoGuidsTwoStylesOneLang" time="0.014" />
        <testcase classname="LfMerge.Core.Tests.Fdo.DataConverters.ConvertMongoToFdoTsStringsTests" name="CanExtractStylesFromSpans_TwoGuidsTwoStylesTwoLangs" time="0.010" />
        <testcase classname="LfMerge.Core.Tests.Fdo.DataConverters.ConvertMongoToFdoTsStringsTests" name="CanExtractStylesFromSpans_TwoLangs" time="0.014" />
        <testcase classname="LfMerge.Core.Tests.Fdo.DataConverters.ConvertMongoToFdoTsStringsTests" name="CanExtractStylesFromSpans_TwoStyles" time="0.010" />
        <testcase classname="LfMerge.Core.Tests.Fdo.DataConverters.ConvertMongoToFdoTsStringsTests" name="CanExtractStylesFromSpans_TwoStylesTwoLangsOneOtherProperty"
            time="0.015" />
        <testcase classname="LfMerge.Core.Tests.Fdo.DataConverters.ConvertMongoToFdoTsStringsTests" name="CanExtractStylesFromSpans_TwoStylesTwoLangsTwoOtherProperties"
            time="0.010" />
        <testcase classname="LfMerge.Core.Tests.Fdo.DataConverters.ConvertMongoToFdoTsStringsTests" name="CanExtractStylesFromSpans_TwoStylesTwoLangsTwoOtherPropertiesEscaped"
            time="0.014" />
        <testcase classname="LfMerge.Core.Tests.Fdo.DataConverters.ConvertMongoToFdoTsStringsTests" name="CanExtractStylesFromSpans_ZeroSpans" time="0.014" />
        <testcase classname="LfMerge.Core.Tests.Fdo.DataConverters.ConvertMongoToFdoTsStringsTests" name="CanExtractTextInsideSpans_ContainsAngleBrackets" time="0.010" />
        <testcase classname="LfMerge.Core.Tests.Fdo.DataConverters.ConvertMongoToFdoTsStringsTests" name="CanExtractTextInsideSpans_ContainsBrTags" time="0.014" />
        <testcase classname="LfMerge.Core.Tests.Fdo.DataConverters.ConvertMongoToFdoTsStringsTests" name="CanExtractTextInsideSpans_ContainsBrTagsStripped" time="0.010" />
        <testcase classname="LfMerge.Core.Tests.Fdo.DataConverters.ConvertMongoToFdoTsStringsTests" name="CanExtractTextInsideSpans_ContainsHtml" time="0.014" />
        <testcase classname="LfMerge.Core.Tests.Fdo.DataConverters.ConvertMongoToFdoTsStringsTests" name="CanExtractTextInsideSpans_OneGuidOneStyle" time="0.010" />
        <testcase classname="LfMerge.Core.Tests.Fdo.DataConverters.ConvertMongoToFdoTsStringsTests" name="CanExtractTextInsideSpans_TwoGuids" time="0.014" />
        <testcase classname="LfMerge.Core.Tests.Fdo.DataConverters.ConvertMongoToFdoTsStringsTests" name="CanExtractTextInsideSpans_TwoGuidsOneStyle" time="0.010" />
        <testcase classname="LfMerge.Core.Tests.Fdo.DataConverters.ConvertMongoToFdoTsStringsTests" name="CanExtractTextInsideSpans_TwoGuidsTwoStylesNoLangs" time="0.014" />
        <testcase classname="LfMerge.Core.Tests.Fdo.DataConverters.ConvertMongoToFdoTsStringsTests" name="CanExtractTextInsideSpans_TwoGuidsTwoStylesOneLang" time="0.010" />
        <testcase classname="LfMerge.Core.Tests.Fdo.DataConverters.ConvertMongoToFdoTsStringsTests" name="CanExtractTextInsideSpans_TwoGuidsTwoStylesTwoLangs" time="0.015" />
        <testcase classname="LfMerge.Core.Tests.Fdo.DataConverters.ConvertMongoToFdoTsStringsTests" name="CanExtractTextInsideSpans_TwoLangs" time="0.014" />
        <testcase classname="LfMerge.Core.Tests.Fdo.DataConverters.ConvertMongoToFdoTsStringsTests" name="CanExtractTextInsideSpans_TwoStyles" time="0.010" />
        <testcase classname="LfMerge.Core.Tests.Fdo.DataConverters.ConvertMongoToFdoTsStringsTests" name="CanExtractTextInsideSpans_TwoStylesTwoLangsOneOtherProperty"
            time="0.015" />
        <testcase classname="LfMerge.Core.Tests.Fdo.DataConverters.ConvertMongoToFdoTsStringsTests" name="CanExtractTextInsideSpans_TwoStylesTwoLangsTwoOtherProperties"
            time="0.010" />
        <testcase classname="LfMerge.Core.Tests.Fdo.DataConverters.ConvertMongoToFdoTsStringsTests" name="CanExtractTextInsideSpans_TwoStylesTwoLangsTwoOtherPropertiesEscaped"
            time="0.015" />
        <testcase classname="LfMerge.Core.Tests.Fdo.DataConverters.ConvertMongoToFdoTsStringsTests" name="CanExtractTextInsideSpans_ZeroSpans" time="0.010" />
        <testcase classname="LfMerge.Core.Tests.Fdo.DataConverters.ConvertMongoToFdoTsStringsTests" name="TsStringCanRoundTripFdoToMongoToFdo_ContainsAngleBrackets" time="0.015" />
        <testcase classname="LfMerge.Core.Tests.Fdo.DataConverters.ConvertMongoToFdoTsStringsTests" name="TsStringCanRoundTripFdoToMongoToFdo_ContainsAngleBracketsEscaped"
            time="0.010" />
        <testcase classname="LfMerge.Core.Tests.Fdo.DataConverters.ConvertMongoToFdoTsStringsTests" name="TsStringCanRoundTripFdoToMongoToFdo_ContainsBrTags" time="0.015" />
        <testcase classname="LfMerge.Core.Tests.Fdo.DataConverters.ConvertMongoToFdoTsStringsTests" name="TsStringCanRoundTripFdoToMongoToFdo_ContainsBrTagsEscaped" time="0.010" />
        <testcase classname="LfMerge.Core.Tests.Fdo.DataConverters.ConvertMongoToFdoTsStringsTests" name="TsStringCanRoundTripFdoToMongoToFdo_ContainsHtml" time="0.010" />
        <testcase classname="LfMerge.Core.Tests.Fdo.DataConverters.ConvertMongoToFdoTsStringsTests" name="TsStringCanRoundTripFdoToMongoToFdo_ContainsHtmlEscaped" time="0.014" />
        <testcase classname="LfMerge.Core.Tests.Fdo.DataConverters.ConvertMongoToFdoTsStringsTests" name="TsStringCanRoundTripFdoToMongoToFdo_SingleRunString" time="0.010" />
        <testcase classname="LfMerge.Core.Tests.Fdo.DataConverters.ConvertMongoToFdoTsStringsTests" name="TsStringCanRoundTripFdoToMongoToFdo_StringWithThreeLanguages"
            time="0.017" />
        <testcase classname="LfMerge.Core.Tests.Fdo.DataConverters.ConvertMongoToFdoTsStringsTests" name="TsStringCanRoundTripFdoToMongoToFdo_StringWithThreeLanguagesAndArbitraryProperties"
            time="0.011" />
        <testcase classname="LfMerge.Core.Tests.Fdo.DataConverters.ConvertMongoToFdoTsStringsTests" name="TsStringCanRoundTripFdoToMongoToFdo_StringWithThreeLanguagesAndObjectDataAndArbitraryProperties"
            time="0.019" />
        <testcase classname="LfMerge.Core.Tests.Fdo.DataConverters.ConvertMongoToFdoTsStringsTests" name="TsStringCanRoundTripFdoToMongoToFdo_StringWithTwoLanguages" time="0.017" />
        <testcase classname="LfMerge.Core.Tests.Fdo.DataConverters.ConvertMongoToFdoTsStringsTests" name="TsStringsAreHtmlEscapedWhenConvertedToSpanText_ContainsAngleBrackets"
            time="0.014" />
        <testcase classname="LfMerge.Core.Tests.Fdo.DataConverters.ConvertMongoToFdoTsStringsTests" name="TsStringsAreHtmlEscapedWhenConvertedToSpanText_ContainsHtml"
            time="0.010" />
        <testcase classname="LfMerge.Core.Tests.Fdo.DataConverters.ConvertMongoToFdoTsStringsTests" name="TsStringsAreHtmlUnescapedWhenConvertedBackFromSpanText_ContainsAngleBrackets"
            time="0.015" />
        <testcase classname="LfMerge.Core.Tests.Fdo.DataConverters.ConvertMongoToFdoTsStringsTests" name="TsStringsAreHtmlUnescapedWhenConvertedBackFromSpanText_ContainsHtml"
            time="0.015" />
        <testcase classname="LfMerge.Core.Tests.Fdo.DataConverters.ConvertMongoToFdoTsStringsTests" name="TsStringsCanRoundTripMongoToFdoToMongo_ContainsAngleBrackets"
            time="0.010" />
        <testcase classname="LfMerge.Core.Tests.Fdo.DataConverters.ConvertMongoToFdoTsStringsTests" name="TsStringsCanRoundTripMongoToFdoToMongo_ContainsBrTags" time="0.015" />
        <testcase classname="LfMerge.Core.Tests.Fdo.DataConverters.ConvertMongoToFdoTsStringsTests" name="TsStringsCanRoundTripMongoToFdoToMongo_ContainsBrTagsStripped"
            time="0.010" />
        <testcase classname="LfMerge.Core.Tests.Fdo.DataConverters.ConvertMongoToFdoTsStringsTests" name="TsStringsCanRoundTripMongoToFdoToMongo_ContainsHtml" time="0.015" />
        <testcase classname="LfMerge.Core.Tests.Fdo.DataConverters.ConvertMongoToFdoTsStringsTests" name="TsStringsCanRoundTripMongoToFdoToMongo_SingleRunString" time="0.010" />
        <testcase classname="LfMerge.Core.Tests.Fdo.DataConverters.ConvertMongoToFdoTsStringsTests" name="TsStringsCanRoundTripMongoToFdoToMongo_StringWithThreeLanguages"
            time="0.015" />
        <testcase classname="LfMerge.Core.Tests.Fdo.DataConverters.ConvertMongoToFdoTsStringsTests" name="TsStringsCanRoundTripMongoToFdoToMongo_StringWithThreeLanguagesAndArbitraryProperties"
            time="0.010" />
        <testcase classname="LfMerge.Core.Tests.Fdo.DataConverters.ConvertMongoToFdoTsStringsTests" name="TsStringsCanRoundTripMongoToFdoToMongo_StringWithTwoLanguages"
            time="0.014" />
    </testsuite>
    <testsuite name="LfMerge.Core.Tests.Fdo.TransferFdoToMongoActionTests" tests="9" failures="0" errors="0" skipped="0" time="7.460">
        <testcase classname="LfMerge.Core.Tests.Fdo.TransferFdoToMongoActionTests" name="Action_IsInitialClone_ShouldPopulateMongoInputSystems" time="1.848" />
        <testcase classname="LfMerge.Core.Tests.Fdo.TransferFdoToMongoActionTests" name="Action_IsInitialClone_ShouldUpdateDates" time="0.695" />
        <testcase classname="LfMerge.Core.Tests.Fdo.TransferFdoToMongoActionTests" name="Action_NoDataChanged_ShouldUpdateCustomFieldConfig" time="0.676" />
        <testcase classname="LfMerge.Core.Tests.Fdo.TransferFdoToMongoActionTests" name="Action_NoDataChanged_ShouldUpdateLexemes" time="0.682" />
        <testcase classname="LfMerge.Core.Tests.Fdo.TransferFdoToMongoActionTests" name="Action_NoDataChanged_ShouldUpdatePictures" time="0.696" />
        <testcase classname="LfMerge.Core.Tests.Fdo.TransferFdoToMongoActionTests" name="Action_WithEmptyMongoGrammar_ShouldPopulateMongoGrammarFromFdoGrammar" time="0.784" />
        <testcase classname="LfMerge.Core.Tests.Fdo.TransferFdoToMongoActionTests" name="Action_WithPreviousMongoGrammarWithGuids_ShouldReplaceItemsFromLfGrammarWithItemsFromFdoGrammar"
            time="0.680" />
        <testcase classname="LfMerge.Core.Tests.Fdo.TransferFdoToMongoActionTests" name="Action_WithPreviousMongoGrammarWithMatchingGuids_ShouldBeUpdatedFromFdoGrammar"
            time="0.692" />
        <testcase classname="LfMerge.Core.Tests.Fdo.TransferFdoToMongoActionTests" name="Action_WithPreviousMongoGrammarWithNoGuids_ShouldStillReplaceItemsFromLfGrammarWithItemsFromFdoGrammar"
            time="0.695" />
    </testsuite>
    <testsuite name="LfMerge.Core.Tests.Fdo.TransferMongoToFdoActionTests" tests="25" failures="0" errors="0" skipped="0" time="25.710">
        <testcase classname="LfMerge.Core.Tests.Fdo.TransferMongoToFdoActionTests" name="Action_ChangedWithSampleData_ShouldUpdatePictures" time="1.564" />
        <testcase classname="LfMerge.Core.Tests.Fdo.TransferMongoToFdoActionTests" name="Action_RunTwice_ShouldNotDuplicatePictures" time="1.186" />
        <testcase classname="LfMerge.Core.Tests.Fdo.TransferMongoToFdoActionTests" name="Action_RunTwiceWithOneNewEntryEachTime_ShouldCountTwoAddedInTotal" time="0.371" />
        <testcase classname="LfMerge.Core.Tests.Fdo.TransferMongoToFdoActionTests" name="Action_RunTwiceWithTheSameEntryDeletedEachTime_ShouldCountJustOneDeletedInTotal"
            time="1.634" />
        <testcase classname="LfMerge.Core.Tests.Fdo.TransferMongoToFdoActionTests" name="Action_RunTwiceWithTheSameEntryModifiedEachTime_ShouldCountTwoModifiedInTotal"
            time="1.941" />
        <testcase classname="LfMerge.Core.Tests.Fdo.TransferMongoToFdoActionTests" name="Action_Should_UpdateDefinitions" time="0.610" />
        <testcase classname="LfMerge.Core.Tests.Fdo.TransferMongoToFdoActionTests" name="Action_WithEmptyMongoGrammar_ShouldPreserveFdoGrammarEntries" time="0.179" />
        <testcase classname="LfMerge.Core.Tests.Fdo.TransferMongoToFdoActionTests" name="Action_WithNoChangesFromMongo_ShouldCountZeroChanges" time="0.173" />
        <testcase classname="LfMerge.Core.Tests.Fdo.TransferMongoToFdoActionTests" name="Action_WithOneDeletedEntry_ShouldCountOneDeleted" time="0.878" />
        <testcase classname="LfMerge.Core.Tests.Fdo.TransferMongoToFdoActionTests" name="Action_WithOneDeletedEntry_ShouldNotCountThatDeletedEntryOnSecondRun" time="1.053" />
        <testcase classname="LfMerge.Core.Tests.Fdo.TransferMongoToFdoActionTests" name="Action_WithOneModifiedEntry_ShouldCountOneModified" time="1.253" />
        <testcase classname="LfMerge.Core.Tests.Fdo.TransferMongoToFdoActionTests" name="Action_WithOneModifiedEntry_ShouldNotCountThatModifiedEntryOnSecondRun" time="1.412" />
        <testcase classname="LfMerge.Core.Tests.Fdo.TransferMongoToFdoActionTests" name="Action_WithOneNewEntry_ShouldCountOneAdded" time="0.178" />
        <testcase classname="LfMerge.Core.Tests.Fdo.TransferMongoToFdoActionTests" name="Action_WithOneNewEntry_ShouldNotCountThatNewEntryOnSecondRun" time="0.343" />
        <testcase classname="LfMerge.Core.Tests.Fdo.TransferMongoToFdoActionTests" name="Action_WithTwoDeletedEntries_ShouldCountTwoDeleted" time="0.901" />
        <testcase classname="LfMerge.Core.Tests.Fdo.TransferMongoToFdoActionTests" name="Action_WithTwoModifiedEntries_ShouldCountTwoModified" time="1.389" />
        <testcase classname="LfMerge.Core.Tests.Fdo.TransferMongoToFdoActionTests" name="Action_WithTwoNewEntries_ShouldCountTwoAdded" time="0.176" />
        <testcase classname="LfMerge.Core.Tests.Fdo.TransferMongoToFdoActionTests" name="CustomMultiListRef_WithTwoOriginalItemsSettingJustTheFirstItem_ShouldDeleteTheSecond"
            time="1.255" />
        <testcase classname="LfMerge.Core.Tests.Fdo.TransferMongoToFdoActionTests" name="CustomMultiListRef_WithTwoOriginalItemsSettingJustTheSecondItem_ShouldDeleteTheFirst"
            time="1.242" />
        <testcase classname="LfMerge.Core.Tests.Fdo.TransferMongoToFdoActionTests" name="CustomMultiListRef_WithTwoOriginalItemsSettingNoneOfThem_ShouldDeleteBoth" time="1.247" />
        <testcase classname="LfMerge.Core.Tests.Fdo.TransferMongoToFdoActionTests" name="CustomMultiListRef_WithTwoOriginalItemsSettingTheSameItems_ShouldRemainUnchanged"
            time="1.255" />
        <testcase classname="LfMerge.Core.Tests.Fdo.TransferMongoToFdoActionTests" name="CustomMultiListRef_WithZeroOriginalItemsSettingADifferentItem_ShouldAlsoReturnThatOneItem"
            time="1.367" />
        <testcase classname="LfMerge.Core.Tests.Fdo.TransferMongoToFdoActionTests" name="CustomMultiListRef_WithZeroOriginalItemsSettingJustOneItem_ShouldReturnThatOneItem"
            time="1.262" />
        <testcase classname="LfMerge.Core.Tests.Fdo.TransferMongoToFdoActionTests" name="CustomMultiListRef_WithZeroOriginalItemsSettingNoneOfThem_ShouldAddNone" time="1.552" />
        <testcase classname="LfMerge.Core.Tests.Fdo.TransferMongoToFdoActionTests" name="CustomMultiListRef_WithZeroOriginalItemsSettingTwoItems_ShouldRemainUnchanged"
            time="1.245" />
    </testsuite>
    <testsuite name="LfMerge.Core.Tests.LanguageDepotProjectTests" tests="2" failures="0" errors="0" skipped="2">
        <testcase classname="LfMerge.Core.Tests.LanguageDepotProjectTests" name="ExistingProject">
            <skipped message="Ignoring tests because MongoDB doesn't seem to be running on localhost:27017." />
        </testcase>
        <testcase classname="LfMerge.Core.Tests.LanguageDepotProjectTests" name="NonexistingProject">
            <skipped message="Ignoring tests because MongoDB doesn't seem to be running on localhost:27017." />
        </testcase>
    </testsuite>
    <testsuite name="LfMerge.Core.Tests.LfMergeSettingsTests" tests="4" failures="0" errors="0" skipped="0" time="0.020">
        <testcase classname="LfMerge.Core.Tests.LfMergeSettingsTests" name="FdoDirs_AbsolutePathsRemainAbsolute" time="0.004" />
        <testcase classname="LfMerge.Core.Tests.LfMergeSettingsTests" name="FdoDirs_RelativePathsAreSubdirsOfBasedir" time="0.001" />
        <testcase classname="LfMerge.Core.Tests.LfMergeSettingsTests" name="GetStateFileName_Correct" time="0.002" />
        <testcase classname="LfMerge.Core.Tests.LfMergeSettingsTests" name="StateDirectory_Correct" time="0.001" />
    </testsuite>
    <testsuite name="LfMerge.Core.Tests.LfMergeSettingsTests.GetQueueDirectory_Correct" tests="3" failures="0" errors="0" skipped="0" time="0.008">
        <testcase classname="LfMerge.Core.Tests.LfMergeSettingsTests.GetQueueDirectory_Correct" name="(None,null)" time="0.002" />
        <testcase classname="LfMerge.Core.Tests.LfMergeSettingsTests.GetQueueDirectory_Correct" name="(Synchronize,&#34;syncqueue&#34;)" time="0.001" />
        <testcase classname="LfMerge.Core.Tests.LfMergeSettingsTests.GetQueueDirectory_Correct" name="(Edit,&#34;editqueue&#34;)" time="0.001" />
    </testsuite>
    <testsuite name="LfMerge.Core.Tests.ProcessingStateTests" tests="7" failures="0" errors="0" skipped="0" time="0.156">
        <testcase classname="LfMerge.Core.Tests.ProcessingStateTests" name="Deserialize_EmptyStateFile_DoesntThrow" time="0.015" />
        <testcase classname="LfMerge.Core.Tests.ProcessingStateTests" name="Deserialize_InvalidStateFile_DoesntThrow" time="0.011" />
        <testcase classname="LfMerge.Core.Tests.ProcessingStateTests" name="Deserialize_NonexistingStateFile_ReturnsCloning" time="0.004" />
        <testcase classname="LfMerge.Core.Tests.ProcessingStateTests" name="Deserialize_ValidStateFile_MatchesState" time="0.061" />
        <testcase classname="LfMerge.Core.Tests.ProcessingStateTests" name="Serialization_Roundtrip" time="0.026" />
        <testcase classname="LfMerge.Core.Tests.ProcessingStateTests" name="State_SettingProperty_ChangesLastStateChangeTicks" time="0.008" />
        <testcase classname="LfMerge.Core.Tests.ProcessingStateTests" name="State_SettingProperty_SerializesState" time="0.024" />
    </testsuite>
    <testsuite name="LfMerge.Core.Tests.Queues.QueueTests" tests="13" failures="0" errors="0" skipped="0" time="1.119">
        <testcase classname="LfMerge.Core.Tests.Queues.QueueTests" name="Ctor_CantCreateQueueForNone" time="0.005" />
        <testcase classname="LfMerge.Core.Tests.Queues.QueueTests" name="DequeueProject_NonExistingProject_Ignored" time="0.004" />
        <testcase classname="LfMerge.Core.Tests.Queues.QueueTests" name="DequeueProject_Works" time="0.015" />
        <testcase classname="LfMerge.Core.Tests.Queues.QueueTests" name="EnqueueProject_Works" time="0.005" />
        <testcase classname="LfMerge.Core.Tests.Queues.QueueTests" name="FirstQueueWithWork_AllQueuesEmpty_ReturnsNull" time="0.003" />
        <testcase classname="LfMerge.Core.Tests.Queues.QueueTests" name="FirstQueueWithWork_ReturnsNonEmptyQueue" time="0.004" />
        <testcase classname="LfMerge.Core.Tests.Queues.QueueTests" name="IsEmpty_ExistingFiles_ReturnsNotEmpty" time="0.004" />
        <testcase classname="LfMerge.Core.Tests.Queues.QueueTests" name="IsEmpty_NoFiles_ReturnsEmpty" time="0.003" />
        <testcase classname="LfMerge.Core.Tests.Queues.QueueTests" name="NextQueueWithWork_AllQueuesEmpty_ReturnsNull" time="0.008" />
        <testcase classname="LfMerge.Core.Tests.Queues.QueueTests" name="NextQueueWithWork_CurrentNonEmpty_ReturnsCurrent" time="0.004" />
        <testcase classname="LfMerge.Core.Tests.Queues.QueueTests" name="NextQueueWithWork_NonEmptyQueue_WrapAround" time="0.004" />
        <testcase classname="LfMerge.Core.Tests.Queues.QueueTests" name="NextQueueWithWork_ReturnsNonEmptyQueue" time="0.004" />
        <testcase classname="LfMerge.Core.Tests.Queues.QueueTests" name="QueuedProjects_ReturnsOldestFirst" time="1.006" />
    </testsuite>
    <testsuite name="LfMerge.Core.Tests.Queues.QueueTests.CurrentAction_Works" tests="2" failures="0" errors="0" skipped="0" time="0.008">
        <testcase classname="LfMerge.Core.Tests.Queues.QueueTests.CurrentAction_Works" name="(Synchronize,Synchronize)" time="0.003" />
        <testcase classname="LfMerge.Core.Tests.Queues.QueueTests.CurrentAction_Works" name="(Edit,Edit)" time="0.003" />
    </testsuite>
    <testsuite name="LfMerge.Core.Tests.Queues.QueueTests.GetQueueFromAction" tests="6" failures="0" errors="0" skipped="0" time="0.024">
        <testcase classname="LfMerge.Core.Tests.Queues.QueueTests.GetQueueFromAction" name="(TransferFdoToMongo,None)" time="0.003" />
        <testcase classname="LfMerge.Core.Tests.Queues.QueueTests.GetQueueFromAction" name="(Edit,None)" time="0.003" />
        <testcase classname="LfMerge.Core.Tests.Queues.QueueTests.GetQueueFromAction" name="(Synchronize,Synchronize)" time="0.003" />
        <testcase classname="LfMerge.Core.Tests.Queues.QueueTests.GetQueueFromAction" name="(Commit,None)" time="0.003" />
        <testcase classname="LfMerge.Core.Tests.Queues.QueueTests.GetQueueFromAction" name="(TransferMongoToFdo,Synchronize)" time="0.003" />
        <testcase classname="LfMerge.Core.Tests.Queues.QueueTests.GetQueueFromAction" name="(None,None)" time="0.003" />
    </testsuite>
    <testsuite name="LfMerge.Tests.OptionsTests.FirstProjectAndStopAfterFirstProject" tests="2" failures="0" errors="0" skipped="0" time="0.059">
        <testcase classname="LfMerge.Tests.OptionsTests.FirstProjectAndStopAfterFirstProject" name="LfMerge.Tests.OptionsTests.Prio project specified" time="0.040" />
        <testcase classname="LfMerge.Tests.OptionsTests.FirstProjectAndStopAfterFirstProject" name="LfMerge.Tests.OptionsTests.No arguments" time="0.000" />
    </testsuite>
    <testsuite name="LfMerge.Tests.OptionsTests.ParseArgs" tests="2" failures="0" errors="0" skipped="0" time="0.004">
        <testcase classname="LfMerge.Tests.OptionsTests.ParseArgs" name="LfMerge.Tests.OptionsTests.Prio project specified" time="0.001" />
        <testcase classname="LfMerge.Tests.OptionsTests.ParseArgs" name="LfMerge.Tests.OptionsTests.No arguments" time="0.000" />
    </testsuite>
    <testsuite name="LfMerge.Tests.OptionsTests.ParseInvalidArgs" tests="1" failures="0" errors="0" skipped="0" time="0.005">
        <testcase classname="LfMerge.Tests.OptionsTests.ParseInvalidArgs" name="LfMerge.Tests.OptionsTests.Invalid args" time="0.004" />
    </testsuite>
    <testsuite name="LfMerge.Tests.QueueIntegrationTests.QueuedProjects_PriorityProject_ReturnsPriorityBeforeNext" tests="4" failures="0" errors="0" skipped="0" time="0.339">
        <testcase classname="LfMerge.Tests.QueueIntegrationTests.QueuedProjects_PriorityProject_ReturnsPriorityBeforeNext" name="(&#34;projd&#34;,System.String[])" time="0.311" />
        <testcase classname="LfMerge.Tests.QueueIntegrationTests.QueuedProjects_PriorityProject_ReturnsPriorityBeforeNext" name="(&#34;projc&#34;,System.String[])" time="0.005" />
        <testcase classname="LfMerge.Tests.QueueIntegrationTests.QueuedProjects_PriorityProject_ReturnsPriorityBeforeNext" name="(&#34;projb&#34;,System.String[])" time="0.004" />
        <testcase classname="LfMerge.Tests.QueueIntegrationTests.QueuedProjects_PriorityProject_ReturnsPriorityBeforeNext" name="(&#34;proja&#34;,System.String[])" time="0.010" />
    </testsuite>
</testsuites>