<?xml version="1.0" encoding="UTF-8"?>
<testsuite tests="1" errors="0" failures="0" name="MasterTestSuite">
    <testsuite tests="1" errors="0" failures="0" name="MasterTestSuite\TestSuite" skipped="0">
        <testcase classname="MasterTestSuite.TestSuite" name="TestCase" time="0.000">
            <system-out>
				<![CDATA[
[Warning] - host not defined
 == [File] - source/test_1.cpp
 == [Line] - 0

[Message] - Test case TestCase did not check any assertions
 == [File] - source/test_1.cpp
 == [Line] - 0
]]>
            </system-out>
        </testcase>
    </testsuite>
</testsuite>