<?xml version="1.0" encoding="UTF-8"?>
<testsuites>
    <testsuite errors="0" name="binding" tests="4" time="0.104" failures="1" skipped="0">
        <testcase classname="binding" name="transform-closure" time="0.000" />
        <testcase classname="binding" name="chain" time="0.000" />
        <testcase classname="binding" name="unbind" time="0.000" />
        <testcase classname="binding" name="fail" time="0.000">
            <failure message="exit-status=-256"><![CDATA[GLib-GObject-FATAL-WARNING: gbinding.c:273: Unable to convert a value of type gdouble to a value of type gboolean]]></failure>
        </testcase>
    </testsuite>
    <testsuite errors="0" name="binding" tests="11" time="0.016" failures="0" skipped="11">
        <testcase classname="binding" name="default" time="0.000">
            <skipped />
        </testcase>
        <testcase classname="binding" name="bidirectional" time="0.000">
            <skipped />
        </testcase>
        <testcase classname="binding" name="transform" time="0.000">
            <skipped />
        </testcase>
        <testcase classname="binding" name="transform-default" time="0.000">
            <skipped />
        </testcase>
        <testcase classname="binding" name="transform-closure" time="0.000">
            <skipped />
        </testcase>
        <testcase classname="binding" name="chain" time="0.000">
            <skipped />
        </testcase>
        <testcase classname="binding" name="sync-create" time="0.000">
            <skipped />
        </testcase>
        <testcase classname="binding" name="invert-boolean" time="0.000">
            <skipped />
        </testcase>
        <testcase classname="binding" name="same-object" time="0.000">
            <skipped />
        </testcase>
        <testcase classname="binding" name="unbind" time="0.000">
            <skipped />
        </testcase>
        <testcase classname="binding" name="fail" time="0.000">
            <skipped />
        </testcase>
    </testsuite>
</testsuites>