<?xml version="1.0" encoding="UTF-8"?>
<testsuite errors="0" tests="5" failures="3" name="test_check1.c">
    <testcase name="test_list_3" classname="test_check1.c" time="0">
        <error type="error" message="Should have found 3 hosts"/>
    </testcase>
    <testcase name="test_single_entry" classname="test_check1.c" time="0"/>
    <testcase name="test_allow_spaces" classname="test_check1.c" time="0">
        <error type="error" message="Should have found 3 hosts"/>
    </testcase>
    <testcase name="test_only_first_entries" classname="test_check1.c" time="0">
        <error type="error" message="Assertion 'strcmp(&#34;bbb&#34;, mylist[1]) == 0' failed"/>
    </testcase>
    <testcase name="test_empty" classname="test_check1.c" time="0"/>
</testsuite>