<?xml version="1.0" encoding="UTF-8"?>
<testsuite tests="2" errors="1" failures="0" name="MyTest">
    <testsuite tests="2" errors="1" failures="0" name="MyTest\MyTestCase" skipped="0">
        <testcase classname="MyTest.MyTestCase" name="_0" time="0.000">
            <system-out>
				<![CDATA[
[Message] - 
          testing
          
        
 == [File] - test.cpp
 == [Line] - 14
 == [Context] sample = 1; 
]]>
            </system-out>
        </testcase>
        <testcase classname="MyTest.MyTestCase" name="_1" time="0.000">
            <error>
				<![CDATA[
[Exception] - 
          signal: SIGABRT (application abort requested)
          
          
        "MyTestCase" test entry
 == [File] - test.cpp
 == [Line] - 9
 == [Context] sample = 2; 
]]>
            </error>
            <system-err>
				<![CDATA[
[Exception] - 
          signal: SIGABRT (application abort requested)
          
          
        "MyTestCase" test entry
 == [File] - test.cpp
 == [Line] - 9
 == [Context] sample = 2; 
]]>
            </system-err>
        </testcase>
    </testsuite>
</testsuite>