<?xml version="1.0" encoding="UTF-8"?>
<testsuite tests="3" errors="0" failures="0" name="Master Test Suite">
    <testsuite tests="3" errors="0" failures="0" name="Master Test Suite\root\ts2" skipped="3">
        <testcase classname="Master Test Suite.root.ts2" name="test4" time="0.000">
            <skipped />
        </testcase>
        <testcase classname="Master Test Suite.root.ts2" name="test5" time="0.000">
            <skipped />
        </testcase>
        <testcase classname="Master Test Suite.root.ts2" name="test6" time="0.000">
            <skipped />
        </testcase>
    </testsuite>
</testsuite>